{"numFailedTestSuites":1,"numFailedTests":45,"numPassedTestSuites":0,"numPassedTests":49,"numPendingTestSuites":0,"numPendingTests":0,"numRuntimeErrorTestSuites":0,"numTodoTests":0,"numTotalTestSuites":1,"numTotalTests":94,"openHandles":[],"snapshot":{"added":0,"didUpdate":false,"failure":false,"filesAdded":0,"filesRemoved":0,"filesRemovedList":[],"filesUnmatched":0,"filesUpdated":0,"matched":0,"total":0,"unchecked":0,"uncheckedKeysByFile":[],"unmatched":0,"updated":0},"startTime":1775360267965,"success":false,"testResults":[{"assertionResults":[{"ancestorTitles":["Full backend E2E test suite (HTTP + Socket)","SECTION 1 — AUTH MODULE TESTS"],"duration":75,"failing":false,"failureDetails":[],"failureMessages":[],"fullName":"Full backend E2E test suite (HTTP + Socket) SECTION 1 — AUTH MODULE TESTS 1 POST /auth/signup/passenger - happy path","invocations":1,"location":null,"numPassingAsserts":3,"retryReasons":[],"startAt":1775360271224,"status":"passed","title":"1 POST /auth/signup/passenger - happy path"},{"ancestorTitles":["Full backend E2E test suite (HTTP + Socket)","SECTION 1 — AUTH MODULE TESTS"],"duration":70,"failing":false,"failureDetails":[],"failureMessages":[],"fullName":"Full backend E2E test suite (HTTP + Socket) SECTION 1 — AUTH MODULE TESTS 2 POST /auth/signup/driver - happy path","invocations":1,"location":null,"numPassingAsserts":4,"retryReasons":[],"startAt":1775360271301,"status":"passed","title":"2 POST /auth/signup/driver - happy path"},{"ancestorTitles":["Full backend E2E test suite (HTTP + Socket)","SECTION 1 — AUTH MODULE TESTS"],"duration":65,"failing":false,"failureDetails":[],"failureMessages":[],"fullName":"Full backend E2E test suite (HTTP + Socket) SECTION 1 — AUTH MODULE TESTS 3 POST /auth/login passenger - correct credentials","invocations":1,"location":null,"numPassingAsserts":2,"retryReasons":[],"startAt":1775360271372,"status":"passed","title":"3 POST /auth/login passenger - correct credentials"},{"ancestorTitles":["Full backend E2E test suite (HTTP + Socket)","SECTION 1 — AUTH MODULE TESTS"],"duration":68,"failing":false,"failureDetails":[],"failureMessages":[],"fullName":"Full backend E2E test suite (HTTP + Socket) SECTION 1 — AUTH MODULE TESTS 4 POST /auth/login driver - correct credentials","invocations":1,"location":null,"numPassingAsserts":2,"retryReasons":[],"startAt":1775360271438,"status":"passed","title":"4 POST /auth/login driver - correct credentials"},{"ancestorTitles":["Full backend E2E test suite (HTTP + Socket)","SECTION 1 — AUTH MODULE TESTS"],"duration":66,"failing":false,"failureDetails":[],"failureMessages":[],"fullName":"Full backend E2E test suite (HTTP + Socket) SECTION 1 — AUTH MODULE TESTS 5 POST /auth/admin/login - admin credentials","invocations":1,"location":null,"numPassingAsserts":2,"retryReasons":[],"startAt":1775360271507,"status":"passed","title":"5 POST /auth/admin/login - admin credentials"},{"ancestorTitles":["Full backend E2E test suite (HTTP + Socket)","SECTION 1 — AUTH MODULE TESTS"],"duration":35,"failing":false,"failureDetails":[],"failureMessages":[],"fullName":"Full backend E2E test suite (HTTP + Socket) SECTION 1 — AUTH MODULE TESTS 6 POST /auth/signup/passenger duplicate email -> 409","invocations":1,"location":null,"numPassingAsserts":1,"retryReasons":[],"startAt":1775360271574,"status":"passed","title":"6 POST /auth/signup/passenger duplicate email -> 409"},{"ancestorTitles":["Full backend E2E test suite (HTTP + Socket)","SECTION 1 — AUTH MODULE TESTS"],"duration":70,"failing":false,"failureDetails":[],"failureMessages":[],"fullName":"Full backend E2E test suite (HTTP + Socket) SECTION 1 — AUTH MODULE TESTS 7 POST /auth/login wrong password -> 401","invocations":1,"location":null,"numPassingAsserts":2,"retryReasons":[],"startAt":1775360271610,"status":"passed","title":"7 POST /auth/login wrong password -> 401"},{"ancestorTitles":["Full backend E2E test suite (HTTP + Socket)","SECTION 1 — AUTH MODULE TESTS"],"duration":9,"failing":false,"failureDetails":[],"failureMessages":[],"fullName":"Full backend E2E test suite (HTTP + Socket) SECTION 1 — AUTH MODULE TESTS 8 POST /auth/admin/login using passenger -> 403","invocations":1,"location":null,"numPassingAsserts":1,"retryReasons":[],"startAt":1775360271681,"status":"passed","title":"8 POST /auth/admin/login using passenger -> 403"},{"ancestorTitles":["Full backend E2E test suite (HTTP + Socket)","SECTION 1 — AUTH MODULE TESTS"],"duration":4,"failing":false,"failureDetails":[],"failureMessages":[],"fullName":"Full backend E2E test suite (HTTP + Socket) SECTION 1 — AUTH MODULE TESTS 9 Protected route without Authorization -> 401","invocations":1,"location":null,"numPassingAsserts":1,"retryReasons":[],"startAt":1775360271690,"status":"passed","title":"9 Protected route without Authorization -> 401"},{"ancestorTitles":["Full backend E2E test suite (HTTP + Socket)","SECTION 1 — AUTH MODULE TESTS"],"duration":5,"failing":false,"failureDetails":[],"failureMessages":[],"fullName":"Full backend E2E test suite (HTTP + Socket) SECTION 1 — AUTH MODULE TESTS 10 Protected route with tampered/expired JWT -> 401","invocations":1,"location":null,"numPassingAsserts":1,"retryReasons":[],"startAt":1775360271695,"status":"passed","title":"10 Protected route with tampered/expired JWT -> 401"},{"ancestorTitles":["Full backend E2E test suite (HTTP + Socket)","SECTION 1 — AUTH MODULE TESTS"],"duration":11,"failing":false,"failureDetails":[],"failureMessages":[],"fullName":"Full backend E2E test suite (HTTP + Socket) SECTION 1 — AUTH MODULE TESTS 11 POST /auth/login NoSQL injection -> 400","invocations":1,"location":null,"numPassingAsserts":1,"retryReasons":[],"startAt":1775360271700,"status":"passed","title":"11 POST /auth/login NoSQL injection -> 400"},{"ancestorTitles":["Full backend E2E test suite (HTTP + Socket)","SECTION 2 — ROLE-BASED ACCESS TESTS"],"duration":5,"failing":false,"failureDetails":[],"failureMessages":[],"fullName":"Full backend E2E test suite (HTTP + Socket) SECTION 2 — ROLE-BASED ACCESS TESTS 12 Passenger JWT hitting admin-only route -> 403","invocations":1,"location":null,"numPassingAsserts":1,"retryReasons":[],"startAt":1775360271711,"status":"passed","title":"12 Passenger JWT hitting admin-only route -> 403"},{"ancestorTitles":["Full backend E2E test suite (HTTP + Socket)","SECTION 2 — ROLE-BASED ACCESS TESTS"],"duration":4,"failing":false,"failureDetails":[],"failureMessages":[],"fullName":"Full backend E2E test suite (HTTP + Socket) SECTION 2 — ROLE-BASED ACCESS TESTS 13 Driver JWT hitting passenger-only route -> 403","invocations":1,"location":null,"numPassingAsserts":1,"retryReasons":[],"startAt":1775360271717,"status":"passed","title":"13 Driver JWT hitting passenger-only route -> 403"},{"ancestorTitles":["Full backend E2E test suite (HTTP + Socket)","SECTION 2 — ROLE-BASED ACCESS TESTS"],"duration":11,"failing":false,"failureDetails":[],"failureMessages":[],"fullName":"Full backend E2E test suite (HTTP + Socket) SECTION 2 — ROLE-BASED ACCESS TESTS 14 Admin JWT can access /admin/* -> 200","invocations":1,"location":null,"numPassingAsserts":1,"retryReasons":[],"startAt":1775360271722,"status":"passed","title":"14 Admin JWT can access /admin/* -> 200"},{"ancestorTitles":["Full backend E2E test suite (HTTP + Socket)","SECTION 2 — ROLE-BASED ACCESS TESTS"],"duration":130,"failing":false,"failureDetails":[],"failureMessages":[],"fullName":"Full backend E2E test suite (HTTP + Socket) SECTION 2 — ROLE-BASED ACCESS TESTS 15 Blocked user attempting login -> 403","invocations":1,"location":null,"numPassingAsserts":1,"retryReasons":[],"startAt":1775360271734,"status":"passed","title":"15 Blocked user attempting login -> 403"},{"ancestorTitles":["Full backend E2E test suite (HTTP + Socket)","SECTION 3 — DRIVER VERIFICATION TESTS"],"duration":16,"failing":false,"failureDetails":[],"failureMessages":[],"fullName":"Full backend E2E test suite (HTTP + Socket) SECTION 3 — DRIVER VERIFICATION TESTS 16 POST /verification/upload (driver token) -> 201 pending","invocations":1,"location":null,"numPassingAsserts":2,"retryReasons":[],"startAt":1775360271865,"status":"passed","title":"16 POST /verification/upload (driver token) -> 201 pending"},{"ancestorTitles":["Full backend E2E test suite (HTTP + Socket)","SECTION 3 — DRIVER VERIFICATION TESTS"],"duration":37,"failing":false,"failureDetails":[],"failureMessages":[],"fullName":"Full backend E2E test suite (HTTP + Socket) SECTION 3 — DRIVER VERIFICATION TESTS 17 Upload id_proof, vehicle_registration, insurance -> saved pending","invocations":1,"location":null,"numPassingAsserts":6,"retryReasons":[],"startAt":1775360271882,"status":"passed","title":"17 Upload id_proof, vehicle_registration, insurance -> saved pending"},{"ancestorTitles":["Full backend E2E test suite (HTTP + Socket)","SECTION 3 — DRIVER VERIFICATION TESTS"],"duration":10,"failing":false,"failureDetails":[],"failureMessages":[],"fullName":"Full backend E2E test suite (HTTP + Socket) SECTION 3 — DRIVER VERIFICATION TESTS 18 GET /verification/status (driver token) -> summary","invocations":1,"location":null,"numPassingAsserts":2,"retryReasons":[],"startAt":1775360271919,"status":"passed","title":"18 GET /verification/status (driver token) -> summary"},{"ancestorTitles":["Full backend E2E test suite (HTTP + Socket)","SECTION 3 — DRIVER VERIFICATION TESTS"],"duration":18,"failing":false,"failureDetails":[],"failureMessages":[],"fullName":"Full backend E2E test suite (HTTP + Socket) SECTION 3 — DRIVER VERIFICATION TESTS 19 GET /admin/verification/queue (admin token) -> list pending","invocations":1,"location":null,"numPassingAsserts":2,"retryReasons":[],"startAt":1775360271930,"status":"passed","title":"19 GET /admin/verification/queue (admin token) -> list pending"},{"ancestorTitles":["Full backend E2E test suite (HTTP + Socket)","SECTION 3 — DRIVER VERIFICATION TESTS"],"duration":21,"failing":false,"failureDetails":[],"failureMessages":[],"fullName":"Full backend E2E test suite (HTTP + Socket) SECTION 3 — DRIVER VERIFICATION TESTS 20 PATCH /admin/verification/:driverId/approve -> verified","invocations":1,"location":null,"numPassingAsserts":2,"retryReasons":[],"startAt":1775360271948,"status":"passed","title":"20 PATCH /admin/verification/:driverId/approve -> verified"},{"ancestorTitles":["Full backend E2E test suite (HTTP + Socket)","SECTION 3 — DRIVER VERIFICATION TESTS"],"duration":41,"failing":false,"failureDetails":[{}],"failureMessages":["Error: Invalid namespace\n    at Socket.onpacket (D:\\College Studies\\FSD Lab\\neha\\FSD-Project\\node_modules\\socket.io-client\\build\\esm-debug\\socket.js:518:29)\n    at Manager.Emitter.emit (D:\\College Studies\\FSD Lab\\neha\\FSD-Project\\node_modules\\@socket.io\\component-emitter\\lib\\cjs\\index.js:143:20)\n    at D:\\College Studies\\FSD Lab\\neha\\FSD-Project\\node_modules\\socket.io-client\\build\\esm-debug\\manager.js:217:18\n    at processTicksAndRejections (node:internal/process/task_queues:89:21)"],"fullName":"Full backend E2E test suite (HTTP + Socket) SECTION 3 — DRIVER VERIFICATION TESTS 21 After approval driver availability can be toggled via socket","invocations":1,"location":null,"numPassingAsserts":0,"retryReasons":[],"startAt":1775360271969,"status":"failed","title":"21 After approval driver availability can be toggled via socket"},{"ancestorTitles":["Full backend E2E test suite (HTTP + Socket)","SECTION 3 — DRIVER VERIFICATION TESTS"],"duration":16,"failing":false,"failureDetails":[],"failureMessages":[],"fullName":"Full backend E2E test suite (HTTP + Socket) SECTION 3 — DRIVER VERIFICATION TESTS 22 PATCH /admin/verification/:driverId/reject -> rejected with reason","invocations":1,"location":null,"numPassingAsserts":3,"retryReasons":[],"startAt":1775360272012,"status":"passed","title":"22 PATCH /admin/verification/:driverId/reject -> rejected with reason"},{"ancestorTitles":["Full backend E2E test suite (HTTP + Socket)","SECTION 3 — DRIVER VERIFICATION TESTS"],"duration":13,"failing":false,"failureDetails":[],"failureMessages":[],"fullName":"Full backend E2E test suite (HTTP + Socket) SECTION 3 — DRIVER VERIFICATION TESTS 23 Driver re-uploads after rejection -> reset pending","invocations":1,"location":null,"numPassingAsserts":2,"retryReasons":[],"startAt":1775360272029,"status":"passed","title":"23 Driver re-uploads after rejection -> reset pending"},{"ancestorTitles":["Full backend E2E test suite (HTTP + Socket)","SECTION 3 — DRIVER VERIFICATION TESTS"],"duration":585,"failing":false,"failureDetails":[{"matcherResult":{"message":"\u001b[2mexpect(\u001b[22m\u001b[31mreceived\u001b[39m\u001b[2m).\u001b[22mtoBeTruthy\u001b[2m()\u001b[22m\n\nReceived: \u001b[31mfalse\u001b[39m","pass":false}}],"failureMessages":["Error: \u001b[2mexpect(\u001b[22m\u001b[31mreceived\u001b[39m\u001b[2m).\u001b[22mtoBeTruthy\u001b[2m()\u001b[22m\n\nReceived: \u001b[31mfalse\u001b[39m\n    at Object.toBeTruthy (D:\\College Studies\\FSD Lab\\neha\\FSD-Project\\tests\\e2e.test.js:281:24)"],"fullName":"Full backend E2E test suite (HTTP + Socket) SECTION 3 — DRIVER VERIFICATION TESTS 24 Unverified driver attempts to go online via socket -> error event","invocations":1,"location":null,"numPassingAsserts":0,"retryReasons":[],"startAt":1775360272043,"status":"failed","title":"24 Unverified driver attempts to go online via socket -> error event"},{"ancestorTitles":["Full backend E2E test suite (HTTP + Socket)","SECTION 4 — FARE ESTIMATION TESTS"],"duration":9,"failing":false,"failureDetails":[{"matcherResult":{"message":"\u001b[2mexpect(\u001b[22m\u001b[31mreceived\u001b[39m\u001b[2m).\u001b[22mtoHaveProperty\u001b[2m(\u001b[22m\u001b[32mpath\u001b[39m\u001b[2m)\u001b[22m\n\nExpected path: \u001b[32m\"fareBreakdown\"\u001b[39m\nReceived path: \u001b[31m[]\u001b[39m\n\nReceived value: \u001b[31m{\"data\": {\"areaCode\": \"tdr1v9\", \"assumptions\": {\"averageSpeedKmph\": 28, \"sharedRideDiscountPercent\": 0, \"waitingThresholdMin\": 3}, \"breakdown\": {\"max\": {\"baseFare\": 30, \"distanceFare\": 20.12, \"rideTypeDiscount\": 0, \"subtotalBeforeSurge\": 63.77, \"surgeAmount\": 0, \"surgeMultiplier\": 1, \"timeFare\": 7.65, \"totalBeforeDiscount\": 63.77, \"totalFare\": 63.77, \"waitingCharge\": 6}, \"min\": {\"baseFare\": 30, \"distanceFare\": 17.14, \"rideTypeDiscount\": 0, \"subtotalBeforeSurge\": 52.8, \"surgeAmount\": 0, \"surgeMultiplier\": 1, \"timeFare\": 5.66, \"totalBeforeDiscount\": 52.8, \"totalFare\": 52.8, \"waitingCharge\": 0}}, \"currency\": \"INR\", \"distanceKm\": {\"max\": 1.68, \"min\": 1.43}, \"durationMin\": {\"max\": 3.83, \"min\": 2.83}, \"estimate\": {\"max\": 63.77, \"min\": 52.8}, \"rideType\": \"solo\", \"surgeMultiplier\": 1, \"waitingMinutes\": {\"max\": 6, \"min\": 0}}, \"success\": true}\u001b[39m","pass":false}}],"failureMessages":["Error: \u001b[2mexpect(\u001b[22m\u001b[31mreceived\u001b[39m\u001b[2m).\u001b[22mtoHaveProperty\u001b[2m(\u001b[22m\u001b[32mpath\u001b[39m\u001b[2m)\u001b[22m\n\nExpected path: \u001b[32m\"fareBreakdown\"\u001b[39m\nReceived path: \u001b[31m[]\u001b[39m\n\nReceived value: \u001b[31m{\"data\": {\"areaCode\": \"tdr1v9\", \"assumptions\": {\"averageSpeedKmph\": 28, \"sharedRideDiscountPercent\": 0, \"waitingThresholdMin\": 3}, \"breakdown\": {\"max\": {\"baseFare\": 30, \"distanceFare\": 20.12, \"rideTypeDiscount\": 0, \"subtotalBeforeSurge\": 63.77, \"surgeAmount\": 0, \"surgeMultiplier\": 1, \"timeFare\": 7.65, \"totalBeforeDiscount\": 63.77, \"totalFare\": 63.77, \"waitingCharge\": 6}, \"min\": {\"baseFare\": 30, \"distanceFare\": 17.14, \"rideTypeDiscount\": 0, \"subtotalBeforeSurge\": 52.8, \"surgeAmount\": 0, \"surgeMultiplier\": 1, \"timeFare\": 5.66, \"totalBeforeDiscount\": 52.8, \"totalFare\": 52.8, \"waitingCharge\": 0}}, \"currency\": \"INR\", \"distanceKm\": {\"max\": 1.68, \"min\": 1.43}, \"durationMin\": {\"max\": 3.83, \"min\": 2.83}, \"estimate\": {\"max\": 63.77, \"min\": 52.8}, \"rideType\": \"solo\", \"surgeMultiplier\": 1, \"waitingMinutes\": {\"max\": 6, \"min\": 0}}, \"success\": true}\u001b[39m\n    at Object.toHaveProperty (D:\\College Studies\\FSD Lab\\neha\\FSD-Project\\tests\\e2e.test.js:292:24)\n    at processTicksAndRejections (node:internal/process/task_queues:105:5)"],"fullName":"Full backend E2E test suite (HTTP + Socket) SECTION 4 — FARE ESTIMATION TESTS 25 POST /rides/estimate solo -> fare breakdown","invocations":1,"location":null,"numPassingAsserts":1,"retryReasons":[],"startAt":1775360272639,"status":"failed","title":"25 POST /rides/estimate solo -> fare breakdown"},{"ancestorTitles":["Full backend E2E test suite (HTTP + Socket)","SECTION 4 — FARE ESTIMATION TESTS"],"duration":11,"failing":false,"failureDetails":[{}],"failureMessages":["TypeError: Cannot read properties of undefined (reading 'total')\n    at Object.total (D:\\College Studies\\FSD Lab\\neha\\FSD-Project\\tests\\e2e.test.js:299:40)\n    at processTicksAndRejections (node:internal/process/task_queues:105:5)"],"fullName":"Full backend E2E test suite (HTTP + Socket) SECTION 4 — FARE ESTIMATION TESTS 26 POST /rides/estimate shared -> lower fare than solo","invocations":1,"location":null,"numPassingAsserts":1,"retryReasons":[],"startAt":1775360272649,"status":"failed","title":"26 POST /rides/estimate shared -> lower fare than solo"},{"ancestorTitles":["Full backend E2E test suite (HTTP + Socket)","SECTION 4 — FARE ESTIMATION TESTS"],"duration":6,"failing":false,"failureDetails":[{}],"failureMessages":["TypeError: Cannot read properties of undefined (reading 'surgeMultiplier')\n    at Object.surgeMultiplier (D:\\College Studies\\FSD Lab\\neha\\FSD-Project\\tests\\e2e.test.js:305:37)\n    at processTicksAndRejections (node:internal/process/task_queues:105:5)"],"fullName":"Full backend E2E test suite (HTTP + Socket) SECTION 4 — FARE ESTIMATION TESTS 27 POST /rides/estimate with surge -> surgeMultiplier applied","invocations":1,"location":null,"numPassingAsserts":1,"retryReasons":[],"startAt":1775360272660,"status":"failed","title":"27 POST /rides/estimate with surge -> surgeMultiplier applied"},{"ancestorTitles":["Full backend E2E test suite (HTTP + Socket)","SECTION 4 — FARE ESTIMATION TESTS"],"duration":5,"failing":false,"failureDetails":[{}],"failureMessages":["TypeError: Cannot read properties of undefined (reading 'distanceFare')\n    at Object.distanceFare (D:\\College Studies\\FSD Lab\\neha\\FSD-Project\\tests\\e2e.test.js:311:37)\n    at processTicksAndRejections (node:internal/process/task_queues:105:5)"],"fullName":"Full backend E2E test suite (HTTP + Socket) SECTION 4 — FARE ESTIMATION TESTS 28 POST /rides/estimate same pickup/drop -> baseFare only","invocations":1,"location":null,"numPassingAsserts":1,"retryReasons":[],"startAt":1775360272666,"status":"failed","title":"28 POST /rides/estimate same pickup/drop -> baseFare only"},{"ancestorTitles":["Full backend E2E test suite (HTTP + Socket)","SECTION 4 — FARE ESTIMATION TESTS"],"duration":20,"failing":false,"failureDetails":[],"failureMessages":[],"fullName":"Full backend E2E test suite (HTTP + Socket) SECTION 4 — FARE ESTIMATION TESTS 29 POST /rides/estimate missing coords -> 400","invocations":1,"location":null,"numPassingAsserts":1,"retryReasons":[],"startAt":1775360272672,"status":"passed","title":"29 POST /rides/estimate missing coords -> 400"},{"ancestorTitles":["Full backend E2E test suite (HTTP + Socket)","SECTION 5 — RIDE BOOKING AND LIFECYCLE TESTS"],"duration":27,"failing":false,"failureDetails":[{"matcherResult":{"message":"\u001b[2mexpect(\u001b[22m\u001b[31mreceived\u001b[39m\u001b[2m).\u001b[22mtoHaveProperty\u001b[2m(\u001b[22m\u001b[32mpath\u001b[39m\u001b[2m)\u001b[22m\n\nExpected path: \u001b[32m\"rideId\"\u001b[39m\nReceived path: \u001b[31m[]\u001b[39m\n\nReceived value: \u001b[31m{\"data\": {\"__v\": 1, \"_id\": \"69d1d910dd9352a09a30bc81\", \"cancelledAt\": null, \"cancelledBy\": null, \"createdAt\": \"2026-04-05T03:37:52.702Z\", \"distanceKm\": 1.5525886538746299, \"driverId\": null, \"drop\": {\"address\": \"drop point\", \"location\": {\"coordinates\": [77.6, 12.98], \"type\": \"Point\"}}, \"estimatedDurationMin\": 3.33, \"estimatedFare\": 58.28, \"finalFare\": null, \"offeredDriverId\": null, \"passengerId\": \"69d1d90edd9352a09a30bc15\", \"passengers\": [], \"pickup\": {\"address\": \"pickup point\", \"location\": {\"coordinates\": [77.59, 12.97], \"type\": \"Point\"}}, \"rejectedDriverIds\": [], \"rideType\": \"solo\", \"seatsBooked\": 1, \"sharedRideGroupId\": null, \"status\": \"searching_driver\", \"statusHistory\": [{\"status\": \"requested\", \"timestamp\": \"2026-04-05T03:37:52.699Z\"}, {\"status\": \"searching_driver\", \"timestamp\": \"2026-04-05T03:37:52.707Z\"}], \"surgeMultiplier\": 1, \"updatedAt\": \"2026-04-05T03:37:52.709Z\"}, \"success\": true}\u001b[39m","pass":false}}],"failureMessages":["Error: \u001b[2mexpect(\u001b[22m\u001b[31mreceived\u001b[39m\u001b[2m).\u001b[22mtoHaveProperty\u001b[2m(\u001b[22m\u001b[32mpath\u001b[39m\u001b[2m)\u001b[22m\n\nExpected path: \u001b[32m\"rideId\"\u001b[39m\nReceived path: \u001b[31m[]\u001b[39m\n\nReceived value: \u001b[31m{\"data\": {\"__v\": 1, \"_id\": \"69d1d910dd9352a09a30bc81\", \"cancelledAt\": null, \"cancelledBy\": null, \"createdAt\": \"2026-04-05T03:37:52.702Z\", \"distanceKm\": 1.5525886538746299, \"driverId\": null, \"drop\": {\"address\": \"drop point\", \"location\": {\"coordinates\": [77.6, 12.98], \"type\": \"Point\"}}, \"estimatedDurationMin\": 3.33, \"estimatedFare\": 58.28, \"finalFare\": null, \"offeredDriverId\": null, \"passengerId\": \"69d1d90edd9352a09a30bc15\", \"passengers\": [], \"pickup\": {\"address\": \"pickup point\", \"location\": {\"coordinates\": [77.59, 12.97], \"type\": \"Point\"}}, \"rejectedDriverIds\": [], \"rideType\": \"solo\", \"seatsBooked\": 1, \"sharedRideGroupId\": null, \"status\": \"searching_driver\", \"statusHistory\": [{\"status\": \"requested\", \"timestamp\": \"2026-04-05T03:37:52.699Z\"}, {\"status\": \"searching_driver\", \"timestamp\": \"2026-04-05T03:37:52.707Z\"}], \"surgeMultiplier\": 1, \"updatedAt\": \"2026-04-05T03:37:52.709Z\"}, \"success\": true}\u001b[39m\n    at Object.toHaveProperty (D:\\College Studies\\FSD Lab\\neha\\FSD-Project\\tests\\e2e.test.js:329:24)\n    at processTicksAndRejections (node:internal/process/task_queues:105:5)"],"fullName":"Full backend E2E test suite (HTTP + Socket) SECTION 5 — RIDE BOOKING AND LIFECYCLE TESTS 30 POST /rides/book passenger -> 201 requested","invocations":1,"location":null,"numPassingAsserts":1,"retryReasons":[],"startAt":1775360272692,"status":"failed","title":"30 POST /rides/book passenger -> 201 requested"},{"ancestorTitles":["Full backend E2E test suite (HTTP + Socket)","SECTION 5 — RIDE BOOKING AND LIFECYCLE TESTS"],"duration":25,"failing":false,"failureDetails":[{}],"failureMessages":["Error: Invalid namespace\n    at Socket.onpacket (D:\\College Studies\\FSD Lab\\neha\\FSD-Project\\node_modules\\socket.io-client\\build\\esm-debug\\socket.js:518:29)\n    at Manager.Emitter.emit (D:\\College Studies\\FSD Lab\\neha\\FSD-Project\\node_modules\\@socket.io\\component-emitter\\lib\\cjs\\index.js:143:20)\n    at D:\\College Studies\\FSD Lab\\neha\\FSD-Project\\node_modules\\socket.io-client\\build\\esm-debug\\manager.js:217:18\n    at processTicksAndRejections (node:internal/process/task_queues:89:21)"],"fullName":"Full backend E2E test suite (HTTP + Socket) SECTION 5 — RIDE BOOKING AND LIFECYCLE TESTS 31 Simulate driver accepting via socket -> driver_assigned","invocations":1,"location":null,"numPassingAsserts":0,"retryReasons":[],"startAt":1775360272720,"status":"failed","title":"31 Simulate driver accepting via socket -> driver_assigned"},{"ancestorTitles":["Full backend E2E test suite (HTTP + Socket)","SECTION 5 — RIDE BOOKING AND LIFECYCLE TESTS"],"duration":30009,"failing":false,"failureDetails":[{"message":"thrown: \"Exceeded timeout of 30000 ms for a test.\nAdd a timeout value to this test to increase the timeout, if this is a long-running test. See https://jestjs.io/docs/api#testname-fn-timeout.\""}],"failureMessages":["Error: thrown: \"Exceeded timeout of 30000 ms for a test.\nAdd a timeout value to this test to increase the timeout, if this is a long-running test. See https://jestjs.io/docs/api#testname-fn-timeout.\"\n    at test (D:\\College Studies\\FSD Lab\\neha\\FSD-Project\\tests\\e2e.test.js:350:5)\n    at _dispatchDescribe (D:\\College Studies\\FSD Lab\\neha\\FSD-Project\\node_modules\\jest-circus\\build\\jestAdapterInit.js:604:26)\n    at describe (D:\\College Studies\\FSD Lab\\neha\\FSD-Project\\node_modules\\jest-circus\\build\\jestAdapterInit.js:572:44)\n    at describe (D:\\College Studies\\FSD Lab\\neha\\FSD-Project\\tests\\e2e.test.js:323:3)\n    at _dispatchDescribe (D:\\College Studies\\FSD Lab\\neha\\FSD-Project\\node_modules\\jest-circus\\build\\jestAdapterInit.js:604:26)\n    at describe (D:\\College Studies\\FSD Lab\\neha\\FSD-Project\\node_modules\\jest-circus\\build\\jestAdapterInit.js:572:44)\n    at describe (D:\\College Studies\\FSD Lab\\neha\\FSD-Project\\tests\\e2e.test.js:18:1)\n    at SourceTextModule.evaluate (node:internal/vm/module:231:23)\n    at Runtime.linkAndEvaluateModule (D:\\College Studies\\FSD Lab\\neha\\FSD-Project\\node_modules\\jest-runtime\\build\\index.js:684:20)\n    at jestAdapter (D:\\College Studies\\FSD Lab\\neha\\FSD-Project\\node_modules\\jest-circus\\build\\runner.js:93:5)\n    at runTestInternal (D:\\College Studies\\FSD Lab\\neha\\FSD-Project\\node_modules\\jest-runner\\build\\index.js:275:16)\n    at runTest (D:\\College Studies\\FSD Lab\\neha\\FSD-Project\\node_modules\\jest-runner\\build\\index.js:343:7)"],"fullName":"Full backend E2E test suite (HTTP + Socket) SECTION 5 — RIDE BOOKING AND LIFECYCLE TESTS 32 Driver emits ride:status_update driver_arrived -> passenger notified","invocations":1,"location":null,"numPassingAsserts":0,"retryReasons":[],"startAt":1775360272746,"status":"failed","title":"32 Driver emits ride:status_update driver_arrived -> passenger notified"},{"ancestorTitles":["Full backend E2E test suite (HTTP + Socket)","SECTION 5 — RIDE BOOKING AND LIFECYCLE TESTS"],"duration":30009,"failing":false,"failureDetails":[{"message":"thrown: \"Exceeded timeout of 30000 ms for a test.\nAdd a timeout value to this test to increase the timeout, if this is a long-running test. See https://jestjs.io/docs/api#testname-fn-timeout.\""}],"failureMessages":["Error: thrown: \"Exceeded timeout of 30000 ms for a test.\nAdd a timeout value to this test to increase the timeout, if this is a long-running test. See https://jestjs.io/docs/api#testname-fn-timeout.\"\n    at test (D:\\College Studies\\FSD Lab\\neha\\FSD-Project\\tests\\e2e.test.js:370:5)\n    at _dispatchDescribe (D:\\College Studies\\FSD Lab\\neha\\FSD-Project\\node_modules\\jest-circus\\build\\jestAdapterInit.js:604:26)\n    at describe (D:\\College Studies\\FSD Lab\\neha\\FSD-Project\\node_modules\\jest-circus\\build\\jestAdapterInit.js:572:44)\n    at describe (D:\\College Studies\\FSD Lab\\neha\\FSD-Project\\tests\\e2e.test.js:323:3)\n    at _dispatchDescribe (D:\\College Studies\\FSD Lab\\neha\\FSD-Project\\node_modules\\jest-circus\\build\\jestAdapterInit.js:604:26)\n    at describe (D:\\College Studies\\FSD Lab\\neha\\FSD-Project\\node_modules\\jest-circus\\build\\jestAdapterInit.js:572:44)\n    at describe (D:\\College Studies\\FSD Lab\\neha\\FSD-Project\\tests\\e2e.test.js:18:1)\n    at SourceTextModule.evaluate (node:internal/vm/module:231:23)\n    at Runtime.linkAndEvaluateModule (D:\\College Studies\\FSD Lab\\neha\\FSD-Project\\node_modules\\jest-runtime\\build\\index.js:684:20)\n    at jestAdapter (D:\\College Studies\\FSD Lab\\neha\\FSD-Project\\node_modules\\jest-circus\\build\\runner.js:93:5)\n    at runTestInternal (D:\\College Studies\\FSD Lab\\neha\\FSD-Project\\node_modules\\jest-runner\\build\\index.js:275:16)\n    at runTest (D:\\College Studies\\FSD Lab\\neha\\FSD-Project\\node_modules\\jest-runner\\build\\index.js:343:7)"],"fullName":"Full backend E2E test suite (HTTP + Socket) SECTION 5 — RIDE BOOKING AND LIFECYCLE TESTS 33 Driver emits status trip_started -> trip_started","invocations":1,"location":null,"numPassingAsserts":0,"retryReasons":[],"startAt":1775360302756,"status":"failed","title":"33 Driver emits status trip_started -> trip_started"},{"ancestorTitles":["Full backend E2E test suite (HTTP + Socket)","SECTION 5 — RIDE BOOKING AND LIFECYCLE TESTS"],"duration":30004,"failing":false,"failureDetails":[{"message":"thrown: \"Exceeded timeout of 30000 ms for a test.\nAdd a timeout value to this test to increase the timeout, if this is a long-running test. See https://jestjs.io/docs/api#testname-fn-timeout.\""}],"failureMessages":["Error: thrown: \"Exceeded timeout of 30000 ms for a test.\nAdd a timeout value to this test to increase the timeout, if this is a long-running test. See https://jestjs.io/docs/api#testname-fn-timeout.\"\n    at test (D:\\College Studies\\FSD Lab\\neha\\FSD-Project\\tests\\e2e.test.js:387:5)\n    at _dispatchDescribe (D:\\College Studies\\FSD Lab\\neha\\FSD-Project\\node_modules\\jest-circus\\build\\jestAdapterInit.js:604:26)\n    at describe (D:\\College Studies\\FSD Lab\\neha\\FSD-Project\\node_modules\\jest-circus\\build\\jestAdapterInit.js:572:44)\n    at describe (D:\\College Studies\\FSD Lab\\neha\\FSD-Project\\tests\\e2e.test.js:323:3)\n    at _dispatchDescribe (D:\\College Studies\\FSD Lab\\neha\\FSD-Project\\node_modules\\jest-circus\\build\\jestAdapterInit.js:604:26)\n    at describe (D:\\College Studies\\FSD Lab\\neha\\FSD-Project\\node_modules\\jest-circus\\build\\jestAdapterInit.js:572:44)\n    at describe (D:\\College Studies\\FSD Lab\\neha\\FSD-Project\\tests\\e2e.test.js:18:1)\n    at SourceTextModule.evaluate (node:internal/vm/module:231:23)\n    at Runtime.linkAndEvaluateModule (D:\\College Studies\\FSD Lab\\neha\\FSD-Project\\node_modules\\jest-runtime\\build\\index.js:684:20)\n    at jestAdapter (D:\\College Studies\\FSD Lab\\neha\\FSD-Project\\node_modules\\jest-circus\\build\\runner.js:93:5)\n    at runTestInternal (D:\\College Studies\\FSD Lab\\neha\\FSD-Project\\node_modules\\jest-runner\\build\\index.js:275:16)\n    at runTest (D:\\College Studies\\FSD Lab\\neha\\FSD-Project\\node_modules\\jest-runner\\build\\index.js:343:7)"],"fullName":"Full backend E2E test suite (HTTP + Socket) SECTION 5 — RIDE BOOKING AND LIFECYCLE TESTS 34 Driver completes trip -> trip_completed, finalFare and earnings created","invocations":1,"location":null,"numPassingAsserts":0,"retryReasons":[],"startAt":1775360332766,"status":"failed","title":"34 Driver completes trip -> trip_completed, finalFare and earnings created"},{"ancestorTitles":["Full backend E2E test suite (HTTP + Socket)","SECTION 5 — RIDE BOOKING AND LIFECYCLE TESTS"],"duration":73,"failing":false,"failureDetails":[{"matcherResult":{"actual":500,"expected":200,"message":"\u001b[2mexpect(\u001b[22m\u001b[31mreceived\u001b[39m\u001b[2m).\u001b[22mtoBe\u001b[2m(\u001b[22m\u001b[32mexpected\u001b[39m\u001b[2m) // Object.is equality\u001b[22m\n\nExpected: \u001b[32m200\u001b[39m\nReceived: \u001b[31m500\u001b[39m","name":"toBe","pass":false}}],"failureMessages":["Error: \u001b[2mexpect(\u001b[22m\u001b[31mreceived\u001b[39m\u001b[2m).\u001b[22mtoBe\u001b[2m(\u001b[22m\u001b[32mexpected\u001b[39m\u001b[2m) // Object.is equality\u001b[22m\n\nExpected: \u001b[32m200\u001b[39m\nReceived: \u001b[31m500\u001b[39m\n    at Object.toBe (D:\\College Studies\\FSD Lab\\neha\\FSD-Project\\tests\\e2e.test.js:403:24)\n    at processTicksAndRejections (node:internal/process/task_queues:105:5)"],"fullName":"Full backend E2E test suite (HTTP + Socket) SECTION 5 — RIDE BOOKING AND LIFECYCLE TESTS 35 GET /rides/:rideId passenger -> full ride detail","invocations":1,"location":null,"numPassingAsserts":0,"retryReasons":[],"startAt":1775360362771,"status":"failed","title":"35 GET /rides/:rideId passenger -> full ride detail"},{"ancestorTitles":["Full backend E2E test suite (HTTP + Socket)","SECTION 5 — RIDE BOOKING AND LIFECYCLE TESTS"],"duration":42,"failing":false,"failureDetails":[{"matcherResult":{"message":"\u001b[2mexpect(\u001b[22m\u001b[31mreceived\u001b[39m\u001b[2m).\u001b[22mtoContain\u001b[2m(\u001b[22m\u001b[32mexpected\u001b[39m\u001b[2m) // indexOf\u001b[22m\n\nExpected value: \u001b[32m404\u001b[39m\nReceived array: \u001b[31m[400, 422]\u001b[39m","pass":false}}],"failureMessages":["Error: \u001b[2mexpect(\u001b[22m\u001b[31mreceived\u001b[39m\u001b[2m).\u001b[22mtoContain\u001b[2m(\u001b[22m\u001b[32mexpected\u001b[39m\u001b[2m) // indexOf\u001b[22m\n\nExpected value: \u001b[32m404\u001b[39m\nReceived array: \u001b[31m[400, 422]\u001b[39m\n    at Object.toContain (D:\\College Studies\\FSD Lab\\neha\\FSD-Project\\tests\\e2e.test.js:414:26)\n    at processTicksAndRejections (node:internal/process/task_queues:105:5)"],"fullName":"Full backend E2E test suite (HTTP + Socket) SECTION 5 — RIDE BOOKING AND LIFECYCLE TESTS 36 Invalid state transition -> 400","invocations":1,"location":null,"numPassingAsserts":0,"retryReasons":[],"startAt":1775360362845,"status":"failed","title":"36 Invalid state transition -> 400"},{"ancestorTitles":["Full backend E2E test suite (HTTP + Socket)","SECTION 5 — RIDE BOOKING AND LIFECYCLE TESTS"],"duration":31,"failing":false,"failureDetails":[{"matcherResult":{"actual":500,"expected":200,"message":"\u001b[2mexpect(\u001b[22m\u001b[31mreceived\u001b[39m\u001b[2m).\u001b[22mtoBe\u001b[2m(\u001b[22m\u001b[32mexpected\u001b[39m\u001b[2m) // Object.is equality\u001b[22m\n\nExpected: \u001b[32m200\u001b[39m\nReceived: \u001b[31m500\u001b[39m","name":"toBe","pass":false}}],"failureMessages":["Error: \u001b[2mexpect(\u001b[22m\u001b[31mreceived\u001b[39m\u001b[2m).\u001b[22mtoBe\u001b[2m(\u001b[22m\u001b[32mexpected\u001b[39m\u001b[2m) // Object.is equality\u001b[22m\n\nExpected: \u001b[32m200\u001b[39m\nReceived: \u001b[31m500\u001b[39m\n    at Object.toBe (D:\\College Studies\\FSD Lab\\neha\\FSD-Project\\tests\\e2e.test.js:421:26)\n    at processTicksAndRejections (node:internal/process/task_queues:105:5)"],"fullName":"Full backend E2E test suite (HTTP + Socket) SECTION 5 — RIDE BOOKING AND LIFECYCLE TESTS 37 Passenger cancels after requested -> cancelled_by_passenger","invocations":1,"location":null,"numPassingAsserts":0,"retryReasons":[],"startAt":1775360362888,"status":"failed","title":"37 Passenger cancels after requested -> cancelled_by_passenger"},{"ancestorTitles":["Full backend E2E test suite (HTTP + Socket)","SECTION 5 — RIDE BOOKING AND LIFECYCLE TESTS"],"duration":34,"failing":false,"failureDetails":[{"matcherResult":{"actual":500,"expected":200,"message":"\u001b[2mexpect(\u001b[22m\u001b[31mreceived\u001b[39m\u001b[2m).\u001b[22mtoBe\u001b[2m(\u001b[22m\u001b[32mexpected\u001b[39m\u001b[2m) // Object.is equality\u001b[22m\n\nExpected: \u001b[32m200\u001b[39m\nReceived: \u001b[31m500\u001b[39m","name":"toBe","pass":false}}],"failureMessages":["Error: \u001b[2mexpect(\u001b[22m\u001b[31mreceived\u001b[39m\u001b[2m).\u001b[22mtoBe\u001b[2m(\u001b[22m\u001b[32mexpected\u001b[39m\u001b[2m) // Object.is equality\u001b[22m\n\nExpected: \u001b[32m200\u001b[39m\nReceived: \u001b[31m500\u001b[39m\n    at Object.toBe (D:\\College Studies\\FSD Lab\\neha\\FSD-Project\\tests\\e2e.test.js:432:26)\n    at processTicksAndRejections (node:internal/process/task_queues:105:5)"],"fullName":"Full backend E2E test suite (HTTP + Socket) SECTION 5 — RIDE BOOKING AND LIFECYCLE TESTS 38 Driver cancels after driver_assigned -> cancelled_by_driver","invocations":1,"location":null,"numPassingAsserts":0,"retryReasons":[],"startAt":1775360362920,"status":"failed","title":"38 Driver cancels after driver_assigned -> cancelled_by_driver"},{"ancestorTitles":["Full backend E2E test suite (HTTP + Socket)","SECTION 5 — RIDE BOOKING AND LIFECYCLE TESTS"],"duration":24,"failing":false,"failureDetails":[{"matcherResult":{"message":"\u001b[2mexpect(\u001b[22m\u001b[31mreceived\u001b[39m\u001b[2m).\u001b[22mtoContain\u001b[2m(\u001b[22m\u001b[32mexpected\u001b[39m\u001b[2m) // indexOf\u001b[22m\n\nExpected value: \u001b[32m201\u001b[39m\nReceived array: \u001b[31m[200, 202]\u001b[39m","pass":false}}],"failureMessages":["Error: \u001b[2mexpect(\u001b[22m\u001b[31mreceived\u001b[39m\u001b[2m).\u001b[22mtoContain\u001b[2m(\u001b[22m\u001b[32mexpected\u001b[39m\u001b[2m) // indexOf\u001b[22m\n\nExpected value: \u001b[32m201\u001b[39m\nReceived array: \u001b[31m[200, 202]\u001b[39m\n    at Object.toContain (D:\\College Studies\\FSD Lab\\neha\\FSD-Project\\tests\\e2e.test.js:439:26)\n    at processTicksAndRejections (node:internal/process/task_queues:105:5)"],"fullName":"Full backend E2E test suite (HTTP + Socket) SECTION 5 — RIDE BOOKING AND LIFECYCLE TESTS 39 POST /rides/book no drivers nearby -> meaningful response","invocations":1,"location":null,"numPassingAsserts":0,"retryReasons":[],"startAt":1775360362955,"status":"failed","title":"39 POST /rides/book no drivers nearby -> meaningful response"},{"ancestorTitles":["Full backend E2E test suite (HTTP + Socket)","SECTION 5 — RIDE BOOKING AND LIFECYCLE TESTS"],"duration":4,"failing":false,"failureDetails":[{"matcherResult":{"actual":404,"expected":403,"message":"\u001b[2mexpect(\u001b[22m\u001b[31mreceived\u001b[39m\u001b[2m).\u001b[22mtoBe\u001b[2m(\u001b[22m\u001b[32mexpected\u001b[39m\u001b[2m) // Object.is equality\u001b[22m\n\nExpected: \u001b[32m403\u001b[39m\nReceived: \u001b[31m404\u001b[39m","name":"toBe","pass":false}}],"failureMessages":["Error: \u001b[2mexpect(\u001b[22m\u001b[31mreceived\u001b[39m\u001b[2m).\u001b[22mtoBe\u001b[2m(\u001b[22m\u001b[32mexpected\u001b[39m\u001b[2m) // Object.is equality\u001b[22m\n\nExpected: \u001b[32m403\u001b[39m\nReceived: \u001b[31m404\u001b[39m\n    at Object.toBe (D:\\College Studies\\FSD Lab\\neha\\FSD-Project\\tests\\e2e.test.js:445:26)\n    at processTicksAndRejections (node:internal/process/task_queues:105:5)"],"fullName":"Full backend E2E test suite (HTTP + Socket) SECTION 5 — RIDE BOOKING AND LIFECYCLE TESTS 40 Passenger tries to update ride status -> 403","invocations":1,"location":null,"numPassingAsserts":0,"retryReasons":[],"startAt":1775360362979,"status":"failed","title":"40 Passenger tries to update ride status -> 403"},{"ancestorTitles":["Full backend E2E test suite (HTTP + Socket)","SECTION 5 — RIDE BOOKING AND LIFECYCLE TESTS"],"duration":5,"failing":false,"failureDetails":[],"failureMessages":[],"fullName":"Full backend E2E test suite (HTTP + Socket) SECTION 5 — RIDE BOOKING AND LIFECYCLE TESTS 41 Driver tries to book a ride -> 403","invocations":1,"location":null,"numPassingAsserts":1,"retryReasons":[],"startAt":1775360362984,"status":"passed","title":"41 Driver tries to book a ride -> 403"},{"ancestorTitles":["Full backend E2E test suite (HTTP + Socket)","SECTION 6 — REAL-TIME SOCKET TESTS"],"duration":24,"failing":false,"failureDetails":[{"matcherResult":{"message":"\u001b[2mexpect(\u001b[22m\u001b[31mreceived\u001b[39m\u001b[2m).\u001b[22mtoBeTruthy\u001b[2m()\u001b[22m\n\nReceived: \u001b[31mfalse\u001b[39m","pass":false}}],"failureMessages":["Error: \u001b[2mexpect(\u001b[22m\u001b[31mreceived\u001b[39m\u001b[2m).\u001b[22mtoBeTruthy\u001b[2m()\u001b[22m\n\nReceived: \u001b[31mfalse\u001b[39m\n    at Object.toBeTruthy (D:\\College Studies\\FSD Lab\\neha\\FSD-Project\\tests\\e2e.test.js:466:25)\n    at processTicksAndRejections (node:internal/process/task_queues:105:5)"],"fullName":"Full backend E2E test suite (HTTP + Socket) SECTION 6 — REAL-TIME SOCKET TESTS 42 Driver connects with valid JWT in handshake.auth.token -> connects","invocations":1,"location":null,"numPassingAsserts":0,"retryReasons":[],"startAt":1775360362989,"status":"failed","title":"42 Driver connects with valid JWT in handshake.auth.token -> connects"},{"ancestorTitles":["Full backend E2E test suite (HTTP + Socket)","SECTION 6 — REAL-TIME SOCKET TESTS"],"duration":30005,"failing":false,"failureDetails":[{"message":"thrown: \"Exceeded timeout of 30000 ms for a test.\nAdd a timeout value to this test to increase the timeout, if this is a long-running test. See https://jestjs.io/docs/api#testname-fn-timeout.\""}],"failureMessages":["Error: thrown: \"Exceeded timeout of 30000 ms for a test.\nAdd a timeout value to this test to increase the timeout, if this is a long-running test. See https://jestjs.io/docs/api#testname-fn-timeout.\"\n    at test (D:\\College Studies\\FSD Lab\\neha\\FSD-Project\\tests\\e2e.test.js:469:5)\n    at _dispatchDescribe (D:\\College Studies\\FSD Lab\\neha\\FSD-Project\\node_modules\\jest-circus\\build\\jestAdapterInit.js:604:26)\n    at describe (D:\\College Studies\\FSD Lab\\neha\\FSD-Project\\node_modules\\jest-circus\\build\\jestAdapterInit.js:572:44)\n    at describe (D:\\College Studies\\FSD Lab\\neha\\FSD-Project\\tests\\e2e.test.js:457:3)\n    at _dispatchDescribe (D:\\College Studies\\FSD Lab\\neha\\FSD-Project\\node_modules\\jest-circus\\build\\jestAdapterInit.js:604:26)\n    at describe (D:\\College Studies\\FSD Lab\\neha\\FSD-Project\\node_modules\\jest-circus\\build\\jestAdapterInit.js:572:44)\n    at describe (D:\\College Studies\\FSD Lab\\neha\\FSD-Project\\tests\\e2e.test.js:18:1)\n    at SourceTextModule.evaluate (node:internal/vm/module:231:23)\n    at Runtime.linkAndEvaluateModule (D:\\College Studies\\FSD Lab\\neha\\FSD-Project\\node_modules\\jest-runtime\\build\\index.js:684:20)\n    at jestAdapter (D:\\College Studies\\FSD Lab\\neha\\FSD-Project\\node_modules\\jest-circus\\build\\runner.js:93:5)\n    at runTestInternal (D:\\College Studies\\FSD Lab\\neha\\FSD-Project\\node_modules\\jest-runner\\build\\index.js:275:16)\n    at runTest (D:\\College Studies\\FSD Lab\\neha\\FSD-Project\\node_modules\\jest-runner\\build\\index.js:343:7)"],"fullName":"Full backend E2E test suite (HTTP + Socket) SECTION 6 — REAL-TIME SOCKET TESTS 43 Driver emits driver:availability -> DB updated","invocations":1,"location":null,"numPassingAsserts":0,"retryReasons":[],"startAt":1775360363014,"status":"failed","title":"43 Driver emits driver:availability -> DB updated"},{"ancestorTitles":["Full backend E2E test suite (HTTP + Socket)","SECTION 6 — REAL-TIME SOCKET TESTS"],"duration":30011,"failing":false,"failureDetails":[{"message":"thrown: \"Exceeded timeout of 30000 ms for a test.\nAdd a timeout value to this test to increase the timeout, if this is a long-running test. See https://jestjs.io/docs/api#testname-fn-timeout.\""}],"failureMessages":["Error: thrown: \"Exceeded timeout of 30000 ms for a test.\nAdd a timeout value to this test to increase the timeout, if this is a long-running test. See https://jestjs.io/docs/api#testname-fn-timeout.\"\n    at test (D:\\College Studies\\FSD Lab\\neha\\FSD-Project\\tests\\e2e.test.js:478:5)\n    at _dispatchDescribe (D:\\College Studies\\FSD Lab\\neha\\FSD-Project\\node_modules\\jest-circus\\build\\jestAdapterInit.js:604:26)\n    at describe (D:\\College Studies\\FSD Lab\\neha\\FSD-Project\\node_modules\\jest-circus\\build\\jestAdapterInit.js:572:44)\n    at describe (D:\\College Studies\\FSD Lab\\neha\\FSD-Project\\tests\\e2e.test.js:457:3)\n    at _dispatchDescribe (D:\\College Studies\\FSD Lab\\neha\\FSD-Project\\node_modules\\jest-circus\\build\\jestAdapterInit.js:604:26)\n    at describe (D:\\College Studies\\FSD Lab\\neha\\FSD-Project\\node_modules\\jest-circus\\build\\jestAdapterInit.js:572:44)\n    at describe (D:\\College Studies\\FSD Lab\\neha\\FSD-Project\\tests\\e2e.test.js:18:1)\n    at SourceTextModule.evaluate (node:internal/vm/module:231:23)\n    at Runtime.linkAndEvaluateModule (D:\\College Studies\\FSD Lab\\neha\\FSD-Project\\node_modules\\jest-runtime\\build\\index.js:684:20)\n    at jestAdapter (D:\\College Studies\\FSD Lab\\neha\\FSD-Project\\node_modules\\jest-circus\\build\\runner.js:93:5)\n    at runTestInternal (D:\\College Studies\\FSD Lab\\neha\\FSD-Project\\node_modules\\jest-runner\\build\\index.js:275:16)\n    at runTest (D:\\College Studies\\FSD Lab\\neha\\FSD-Project\\node_modules\\jest-runner\\build\\index.js:343:7)"],"fullName":"Full backend E2E test suite (HTTP + Socket) SECTION 6 — REAL-TIME SOCKET TESTS 44 Driver emits driver:location_update -> LocationLog created and passenger notified","invocations":1,"location":null,"numPassingAsserts":0,"retryReasons":[],"startAt":1775360393021,"status":"failed","title":"44 Driver emits driver:location_update -> LocationLog created and passenger notified"},{"ancestorTitles":["Full backend E2E test suite (HTTP + Socket)","SECTION 6 — REAL-TIME SOCKET TESTS"],"duration":30014,"failing":false,"failureDetails":[{"message":"thrown: \"Exceeded timeout of 30000 ms for a test.\nAdd a timeout value to this test to increase the timeout, if this is a long-running test. See https://jestjs.io/docs/api#testname-fn-timeout.\""}],"failureMessages":["Error: thrown: \"Exceeded timeout of 30000 ms for a test.\nAdd a timeout value to this test to increase the timeout, if this is a long-running test. See https://jestjs.io/docs/api#testname-fn-timeout.\"\n    at test (D:\\College Studies\\FSD Lab\\neha\\FSD-Project\\tests\\e2e.test.js:491:5)\n    at _dispatchDescribe (D:\\College Studies\\FSD Lab\\neha\\FSD-Project\\node_modules\\jest-circus\\build\\jestAdapterInit.js:604:26)\n    at describe (D:\\College Studies\\FSD Lab\\neha\\FSD-Project\\node_modules\\jest-circus\\build\\jestAdapterInit.js:572:44)\n    at describe (D:\\College Studies\\FSD Lab\\neha\\FSD-Project\\tests\\e2e.test.js:457:3)\n    at _dispatchDescribe (D:\\College Studies\\FSD Lab\\neha\\FSD-Project\\node_modules\\jest-circus\\build\\jestAdapterInit.js:604:26)\n    at describe (D:\\College Studies\\FSD Lab\\neha\\FSD-Project\\node_modules\\jest-circus\\build\\jestAdapterInit.js:572:44)\n    at describe (D:\\College Studies\\FSD Lab\\neha\\FSD-Project\\tests\\e2e.test.js:18:1)\n    at SourceTextModule.evaluate (node:internal/vm/module:231:23)\n    at Runtime.linkAndEvaluateModule (D:\\College Studies\\FSD Lab\\neha\\FSD-Project\\node_modules\\jest-runtime\\build\\index.js:684:20)\n    at jestAdapter (D:\\College Studies\\FSD Lab\\neha\\FSD-Project\\node_modules\\jest-circus\\build\\runner.js:93:5)\n    at runTestInternal (D:\\College Studies\\FSD Lab\\neha\\FSD-Project\\node_modules\\jest-runner\\build\\index.js:275:16)\n    at runTest (D:\\College Studies\\FSD Lab\\neha\\FSD-Project\\node_modules\\jest-runner\\build\\index.js:343:7)"],"fullName":"Full backend E2E test suite (HTTP + Socket) SECTION 6 — REAL-TIME SOCKET TESTS 45 After ride booking, server emits driver:new_ride_request only to matched driver","invocations":1,"location":null,"numPassingAsserts":0,"retryReasons":[],"startAt":1775360423033,"status":"failed","title":"45 After ride booking, server emits driver:new_ride_request only to matched driver"},{"ancestorTitles":["Full backend E2E test suite (HTTP + Socket)","SECTION 6 — REAL-TIME SOCKET TESTS"],"duration":327,"failing":false,"failureDetails":[{"matcherResult":{"message":"\u001b[2mexpect(\u001b[22m\u001b[31mreceived\u001b[39m\u001b[2m).\u001b[22mtoBeTruthy\u001b[2m()\u001b[22m\n\nReceived: \u001b[31mfalse\u001b[39m","pass":false}}],"failureMessages":["Error: \u001b[2mexpect(\u001b[22m\u001b[31mreceived\u001b[39m\u001b[2m).\u001b[22mtoBeTruthy\u001b[2m()\u001b[22m\n\nReceived: \u001b[31mfalse\u001b[39m\n    at Object.toBeTruthy (D:\\College Studies\\FSD Lab\\neha\\FSD-Project\\tests\\e2e.test.js:512:19)"],"fullName":"Full backend E2E test suite (HTTP + Socket) SECTION 6 — REAL-TIME SOCKET TESTS 46 Ride state changes emit passenger:ride_status only to specific passenger","invocations":1,"location":null,"numPassingAsserts":0,"retryReasons":[],"startAt":1775360453049,"status":"failed","title":"46 Ride state changes emit passenger:ride_status only to specific passenger"},{"ancestorTitles":["Full backend E2E test suite (HTTP + Socket)","SECTION 6 — REAL-TIME SOCKET TESTS"],"duration":31,"failing":false,"failureDetails":[],"failureMessages":[],"fullName":"Full backend E2E test suite (HTTP + Socket) SECTION 6 — REAL-TIME SOCKET TESTS 47 Socket connection with invalid JWT -> refused","invocations":1,"location":null,"numPassingAsserts":1,"retryReasons":[],"startAt":1775360453377,"status":"passed","title":"47 Socket connection with invalid JWT -> refused"},{"ancestorTitles":["Full backend E2E test suite (HTTP + Socket)","SECTION 6 — REAL-TIME SOCKET TESTS"],"duration":30008,"failing":false,"failureDetails":[{"message":"thrown: \"Exceeded timeout of 30000 ms for a test.\nAdd a timeout value to this test to increase the timeout, if this is a long-running test. See https://jestjs.io/docs/api#testname-fn-timeout.\""}],"failureMessages":["Error: thrown: \"Exceeded timeout of 30000 ms for a test.\nAdd a timeout value to this test to increase the timeout, if this is a long-running test. See https://jestjs.io/docs/api#testname-fn-timeout.\"\n    at test (D:\\College Studies\\FSD Lab\\neha\\FSD-Project\\tests\\e2e.test.js:526:5)\n    at _dispatchDescribe (D:\\College Studies\\FSD Lab\\neha\\FSD-Project\\node_modules\\jest-circus\\build\\jestAdapterInit.js:604:26)\n    at describe (D:\\College Studies\\FSD Lab\\neha\\FSD-Project\\node_modules\\jest-circus\\build\\jestAdapterInit.js:572:44)\n    at describe (D:\\College Studies\\FSD Lab\\neha\\FSD-Project\\tests\\e2e.test.js:457:3)\n    at _dispatchDescribe (D:\\College Studies\\FSD Lab\\neha\\FSD-Project\\node_modules\\jest-circus\\build\\jestAdapterInit.js:604:26)\n    at describe (D:\\College Studies\\FSD Lab\\neha\\FSD-Project\\node_modules\\jest-circus\\build\\jestAdapterInit.js:572:44)\n    at describe (D:\\College Studies\\FSD Lab\\neha\\FSD-Project\\tests\\e2e.test.js:18:1)\n    at SourceTextModule.evaluate (node:internal/vm/module:231:23)\n    at Runtime.linkAndEvaluateModule (D:\\College Studies\\FSD Lab\\neha\\FSD-Project\\node_modules\\jest-runtime\\build\\index.js:684:20)\n    at jestAdapter (D:\\College Studies\\FSD Lab\\neha\\FSD-Project\\node_modules\\jest-circus\\build\\runner.js:93:5)\n    at runTestInternal (D:\\College Studies\\FSD Lab\\neha\\FSD-Project\\node_modules\\jest-runner\\build\\index.js:275:16)\n    at runTest (D:\\College Studies\\FSD Lab\\neha\\FSD-Project\\node_modules\\jest-runner\\build\\index.js:343:7)"],"fullName":"Full backend E2E test suite (HTTP + Socket) SECTION 6 — REAL-TIME SOCKET TESTS 48 Driver disconnects mid-trip -> availability stays false and ride unchanged","invocations":1,"location":null,"numPassingAsserts":0,"retryReasons":[],"startAt":1775360453408,"status":"failed","title":"48 Driver disconnects mid-trip -> availability stays false and ride unchanged"},{"ancestorTitles":["Full backend E2E test suite (HTTP + Socket)","SECTION 7 — RIDE SHARING TESTS"],"duration":157,"failing":false,"failureDetails":[{"matcherResult":{"actual":500,"expected":201,"message":"\u001b[2mexpect(\u001b[22m\u001b[31mreceived\u001b[39m\u001b[2m).\u001b[22mtoBe\u001b[2m(\u001b[22m\u001b[32mexpected\u001b[39m\u001b[2m) // Object.is equality\u001b[22m\n\nExpected: \u001b[32m201\u001b[39m\nReceived: \u001b[31m500\u001b[39m","name":"toBe","pass":false}}],"failureMessages":["Error: \u001b[2mexpect(\u001b[22m\u001b[31mreceived\u001b[39m\u001b[2m).\u001b[22mtoBe\u001b[2m(\u001b[22m\u001b[32mexpected\u001b[39m\u001b[2m) // Object.is equality\u001b[22m\n\nExpected: \u001b[32m201\u001b[39m\nReceived: \u001b[31m500\u001b[39m\n    at Object.toBe (D:\\College Studies\\FSD Lab\\neha\\FSD-Project\\tests\\e2e.test.js:550:25)\n    at processTicksAndRejections (node:internal/process/task_queues:105:5)"],"fullName":"Full backend E2E test suite (HTTP + Socket) SECTION 7 — RIDE SHARING TESTS 49 Two passengers book shared -> grouped into same sharedRideGroupId","invocations":1,"location":null,"numPassingAsserts":0,"retryReasons":[],"startAt":1775360483416,"status":"failed","title":"49 Two passengers book shared -> grouped into same sharedRideGroupId"},{"ancestorTitles":["Full backend E2E test suite (HTTP + Socket)","SECTION 7 — RIDE SHARING TESTS"],"duration":10,"failing":false,"failureDetails":[],"failureMessages":[],"fullName":"Full backend E2E test suite (HTTP + Socket) SECTION 7 — RIDE SHARING TESTS 50 GET /rides/shared/:groupId -> both passengers listed","invocations":1,"location":null,"numPassingAsserts":0,"retryReasons":[],"startAt":1775360483573,"status":"passed","title":"50 GET /rides/shared/:groupId -> both passengers listed"},{"ancestorTitles":["Full backend E2E test suite (HTTP + Socket)","SECTION 7 — RIDE SHARING TESTS"],"duration":10,"failing":false,"failureDetails":[{}],"failureMessages":["TypeError: Cannot read properties of undefined (reading 'total')\n    at Object.total (D:\\College Studies\\FSD Lab\\neha\\FSD-Project\\tests\\e2e.test.js:570:40)\n    at processTicksAndRejections (node:internal/process/task_queues:105:5)"],"fullName":"Full backend E2E test suite (HTTP + Socket) SECTION 7 — RIDE SHARING TESTS 51 Shared fare per passenger < solo fare","invocations":1,"location":null,"numPassingAsserts":0,"retryReasons":[],"startAt":1775360483584,"status":"failed","title":"51 Shared fare per passenger < solo fare"},{"ancestorTitles":["Full backend E2E test suite (HTTP + Socket)","SECTION 7 — RIDE SHARING TESTS"],"duration":78,"failing":false,"failureDetails":[{"matcherResult":{"actual":500,"expected":201,"message":"\u001b[2mexpect(\u001b[22m\u001b[31mreceived\u001b[39m\u001b[2m).\u001b[22mtoBe\u001b[2m(\u001b[22m\u001b[32mexpected\u001b[39m\u001b[2m) // Object.is equality\u001b[22m\n\nExpected: \u001b[32m201\u001b[39m\nReceived: \u001b[31m500\u001b[39m","name":"toBe","pass":false}}],"failureMessages":["Error: \u001b[2mexpect(\u001b[22m\u001b[31mreceived\u001b[39m\u001b[2m).\u001b[22mtoBe\u001b[2m(\u001b[22m\u001b[32mexpected\u001b[39m\u001b[2m) // Object.is equality\u001b[22m\n\nExpected: \u001b[32m201\u001b[39m\nReceived: \u001b[31m500\u001b[39m\n    at Object.toBe (D:\\College Studies\\FSD Lab\\neha\\FSD-Project\\tests\\e2e.test.js:577:24)\n    at processTicksAndRejections (node:internal/process/task_queues:105:5)"],"fullName":"Full backend E2E test suite (HTTP + Socket) SECTION 7 — RIDE SHARING TESTS 52 Incompatible shared routes -> separate shared rides","invocations":1,"location":null,"numPassingAsserts":0,"retryReasons":[],"startAt":1775360483595,"status":"failed","title":"52 Incompatible shared routes -> separate shared rides"},{"ancestorTitles":["Full backend E2E test suite (HTTP + Socket)","SECTION 7 — RIDE SHARING TESTS"],"duration":18,"failing":false,"failureDetails":[{"matcherResult":{"message":"\u001b[2mexpect(\u001b[22m\u001b[31mreceived\u001b[39m\u001b[2m).\u001b[22mtoContain\u001b[2m(\u001b[22m\u001b[32mexpected\u001b[39m\u001b[2m) // indexOf\u001b[22m\n\nExpected value: \u001b[32m500\u001b[39m\nReceived array: \u001b[31m[200, 201, 202]\u001b[39m","pass":false}}],"failureMessages":["Error: \u001b[2mexpect(\u001b[22m\u001b[31mreceived\u001b[39m\u001b[2m).\u001b[22mtoContain\u001b[2m(\u001b[22m\u001b[32mexpected\u001b[39m\u001b[2m) // indexOf\u001b[22m\n\nExpected value: \u001b[32m500\u001b[39m\nReceived array: \u001b[31m[200, 201, 202]\u001b[39m\n    at Object.toContain (D:\\College Studies\\FSD Lab\\neha\\FSD-Project\\tests\\e2e.test.js:583:31)\n    at processTicksAndRejections (node:internal/process/task_queues:105:5)"],"fullName":"Full backend E2E test suite (HTTP + Socket) SECTION 7 — RIDE SHARING TESTS 53 Seat capacity full -> new shared passenger routed differently","invocations":1,"location":null,"numPassingAsserts":0,"retryReasons":[],"startAt":1775360483673,"status":"failed","title":"53 Seat capacity full -> new shared passenger routed differently"},{"ancestorTitles":["Full backend E2E test suite (HTTP + Socket)","SECTION 8 — RATINGS AND REVIEWS TESTS"],"duration":22,"failing":false,"failureDetails":[],"failureMessages":[],"fullName":"Full backend E2E test suite (HTTP + Socket) SECTION 8 — RATINGS AND REVIEWS TESTS 54 POST /ratings passenger after completed ride -> 201","invocations":1,"location":null,"numPassingAsserts":1,"retryReasons":[],"startAt":1775360483692,"status":"passed","title":"54 POST /ratings passenger after completed ride -> 201"},{"ancestorTitles":["Full backend E2E test suite (HTTP + Socket)","SECTION 8 — RATINGS AND REVIEWS TESTS"],"duration":14,"failing":false,"failureDetails":[{"matcherResult":{"message":"\u001b[2mexpect(\u001b[22m\u001b[31mreceived\u001b[39m\u001b[2m).\u001b[22mtoBeTruthy\u001b[2m()\u001b[22m\n\nReceived: \u001b[31mfalse\u001b[39m","pass":false}}],"failureMessages":["Error: \u001b[2mexpect(\u001b[22m\u001b[31mreceived\u001b[39m\u001b[2m).\u001b[22mtoBeTruthy\u001b[2m()\u001b[22m\n\nReceived: \u001b[31mfalse\u001b[39m\n    at Object.toBeTruthy (D:\\College Studies\\FSD Lab\\neha\\FSD-Project\\tests\\e2e.test.js:599:47)\n    at processTicksAndRejections (node:internal/process/task_queues:105:5)"],"fullName":"Full backend E2E test suite (HTTP + Socket) SECTION 8 — RATINGS AND REVIEWS TESTS 55 GET /ratings/driver/:driverId -> list and averageRating","invocations":1,"location":null,"numPassingAsserts":1,"retryReasons":[],"startAt":1775360483715,"status":"failed","title":"55 GET /ratings/driver/:driverId -> list and averageRating"},{"ancestorTitles":["Full backend E2E test suite (HTTP + Socket)","SECTION 8 — RATINGS AND REVIEWS TESTS"],"duration":9,"failing":false,"failureDetails":[],"failureMessages":[],"fullName":"Full backend E2E test suite (HTTP + Socket) SECTION 8 — RATINGS AND REVIEWS TESTS 56 POST /ratings driver rates passenger -> 201","invocations":1,"location":null,"numPassingAsserts":1,"retryReasons":[],"startAt":1775360483730,"status":"passed","title":"56 POST /ratings driver rates passenger -> 201"},{"ancestorTitles":["Full backend E2E test suite (HTTP + Socket)","SECTION 8 — RATINGS AND REVIEWS TESTS"],"duration":25,"failing":false,"failureDetails":[],"failureMessages":[],"fullName":"Full backend E2E test suite (HTTP + Socket) SECTION 8 — RATINGS AND REVIEWS TESTS 57 POST /ratings before completion -> 400","invocations":1,"location":null,"numPassingAsserts":1,"retryReasons":[],"startAt":1775360483739,"status":"passed","title":"57 POST /ratings before completion -> 400"},{"ancestorTitles":["Full backend E2E test suite (HTTP + Socket)","SECTION 8 — RATINGS AND REVIEWS TESTS"],"duration":24,"failing":false,"failureDetails":[],"failureMessages":[],"fullName":"Full backend E2E test suite (HTTP + Socket) SECTION 8 — RATINGS AND REVIEWS TESTS 58 Duplicate rating by same rater -> 409","invocations":1,"location":null,"numPassingAsserts":1,"retryReasons":[],"startAt":1775360483765,"status":"passed","title":"58 Duplicate rating by same rater -> 409"},{"ancestorTitles":["Full backend E2E test suite (HTTP + Socket)","SECTION 8 — RATINGS AND REVIEWS TESTS"],"duration":8,"failing":false,"failureDetails":[],"failureMessages":[],"fullName":"Full backend E2E test suite (HTTP + Socket) SECTION 8 — RATINGS AND REVIEWS TESTS 59 Score outside 1-5 -> 400","invocations":1,"location":null,"numPassingAsserts":1,"retryReasons":[],"startAt":1775360483789,"status":"passed","title":"59 Score outside 1-5 -> 400"},{"ancestorTitles":["Full backend E2E test suite (HTTP + Socket)","SECTION 9 — DRIVER EARNINGS TESTS"],"duration":16,"failing":false,"failureDetails":[{"matcherResult":{"actual":500,"expected":200,"message":"\u001b[2mexpect(\u001b[22m\u001b[31mreceived\u001b[39m\u001b[2m).\u001b[22mtoBe\u001b[2m(\u001b[22m\u001b[32mexpected\u001b[39m\u001b[2m) // Object.is equality\u001b[22m\n\nExpected: \u001b[32m200\u001b[39m\nReceived: \u001b[31m500\u001b[39m","name":"toBe","pass":false}}],"failureMessages":["Error: \u001b[2mexpect(\u001b[22m\u001b[31mreceived\u001b[39m\u001b[2m).\u001b[22mtoBe\u001b[2m(\u001b[22m\u001b[32mexpected\u001b[39m\u001b[2m) // Object.is equality\u001b[22m\n\nExpected: \u001b[32m200\u001b[39m\nReceived: \u001b[31m500\u001b[39m\n    at Object.toBe (D:\\College Studies\\FSD Lab\\neha\\FSD-Project\\tests\\e2e.test.js:634:26)\n    at processTicksAndRejections (node:internal/process/task_queues:105:5)"],"fullName":"Full backend E2E test suite (HTTP + Socket) SECTION 9 — DRIVER EARNINGS TESTS 60 GET /earnings/summary?period=today -> populated","invocations":1,"location":null,"numPassingAsserts":0,"retryReasons":[],"startAt":1775360483797,"status":"failed","title":"60 GET /earnings/summary?period=today -> populated"},{"ancestorTitles":["Full backend E2E test suite (HTTP + Socket)","SECTION 9 — DRIVER EARNINGS TESTS"],"duration":8,"failing":false,"failureDetails":[{"matcherResult":{"actual":500,"expected":200,"message":"\u001b[2mexpect(\u001b[22m\u001b[31mreceived\u001b[39m\u001b[2m).\u001b[22mtoBe\u001b[2m(\u001b[22m\u001b[32mexpected\u001b[39m\u001b[2m) // Object.is equality\u001b[22m\n\nExpected: \u001b[32m200\u001b[39m\nReceived: \u001b[31m500\u001b[39m","name":"toBe","pass":false}}],"failureMessages":["Error: \u001b[2mexpect(\u001b[22m\u001b[31mreceived\u001b[39m\u001b[2m).\u001b[22mtoBe\u001b[2m(\u001b[22m\u001b[32mexpected\u001b[39m\u001b[2m) // Object.is equality\u001b[22m\n\nExpected: \u001b[32m200\u001b[39m\nReceived: \u001b[31m500\u001b[39m\n    at Object.toBe (D:\\College Studies\\FSD Lab\\neha\\FSD-Project\\tests\\e2e.test.js:640:26)\n    at processTicksAndRejections (node:internal/process/task_queues:105:5)"],"fullName":"Full backend E2E test suite (HTTP + Socket) SECTION 9 — DRIVER EARNINGS TESTS 61 GET /earnings/summary?period=week -> aggregated","invocations":1,"location":null,"numPassingAsserts":0,"retryReasons":[],"startAt":1775360483814,"status":"failed","title":"61 GET /earnings/summary?period=week -> aggregated"},{"ancestorTitles":["Full backend E2E test suite (HTTP + Socket)","SECTION 9 — DRIVER EARNINGS TESTS"],"duration":8,"failing":false,"failureDetails":[{"matcherResult":{"actual":500,"expected":200,"message":"\u001b[2mexpect(\u001b[22m\u001b[31mreceived\u001b[39m\u001b[2m).\u001b[22mtoBe\u001b[2m(\u001b[22m\u001b[32mexpected\u001b[39m\u001b[2m) // Object.is equality\u001b[22m\n\nExpected: \u001b[32m200\u001b[39m\nReceived: \u001b[31m500\u001b[39m","name":"toBe","pass":false}}],"failureMessages":["Error: \u001b[2mexpect(\u001b[22m\u001b[31mreceived\u001b[39m\u001b[2m).\u001b[22mtoBe\u001b[2m(\u001b[22m\u001b[32mexpected\u001b[39m\u001b[2m) // Object.is equality\u001b[22m\n\nExpected: \u001b[32m200\u001b[39m\nReceived: \u001b[31m500\u001b[39m\n    at Object.toBe (D:\\College Studies\\FSD Lab\\neha\\FSD-Project\\tests\\e2e.test.js:645:26)\n    at processTicksAndRejections (node:internal/process/task_queues:105:5)"],"fullName":"Full backend E2E test suite (HTTP + Socket) SECTION 9 — DRIVER EARNINGS TESTS 62 GET /earnings/summary?period=month -> aggregated","invocations":1,"location":null,"numPassingAsserts":0,"retryReasons":[],"startAt":1775360483823,"status":"failed","title":"62 GET /earnings/summary?period=month -> aggregated"},{"ancestorTitles":["Full backend E2E test suite (HTTP + Socket)","SECTION 9 — DRIVER EARNINGS TESTS"],"duration":8,"failing":false,"failureDetails":[{"matcherResult":{"actual":500,"expected":200,"message":"\u001b[2mexpect(\u001b[22m\u001b[31mreceived\u001b[39m\u001b[2m).\u001b[22mtoBe\u001b[2m(\u001b[22m\u001b[32mexpected\u001b[39m\u001b[2m) // Object.is equality\u001b[22m\n\nExpected: \u001b[32m200\u001b[39m\nReceived: \u001b[31m500\u001b[39m","name":"toBe","pass":false}}],"failureMessages":["Error: \u001b[2mexpect(\u001b[22m\u001b[31mreceived\u001b[39m\u001b[2m).\u001b[22mtoBe\u001b[2m(\u001b[22m\u001b[32mexpected\u001b[39m\u001b[2m) // Object.is equality\u001b[22m\n\nExpected: \u001b[32m200\u001b[39m\nReceived: \u001b[31m500\u001b[39m\n    at Object.toBe (D:\\College Studies\\FSD Lab\\neha\\FSD-Project\\tests\\e2e.test.js:650:26)\n    at processTicksAndRejections (node:internal/process/task_queues:105:5)"],"fullName":"Full backend E2E test suite (HTTP + Socket) SECTION 9 — DRIVER EARNINGS TESTS 63 GET /earnings/trips -> paginated list","invocations":1,"location":null,"numPassingAsserts":0,"retryReasons":[],"startAt":1775360483832,"status":"failed","title":"63 GET /earnings/trips -> paginated list"},{"ancestorTitles":["Full backend E2E test suite (HTTP + Socket)","SECTION 9 — DRIVER EARNINGS TESTS"],"duration":6,"failing":false,"failureDetails":[],"failureMessages":[],"fullName":"Full backend E2E test suite (HTTP + Socket) SECTION 9 — DRIVER EARNINGS TESTS 64 GET /admin/earnings/payouts -> list pending","invocations":1,"location":null,"numPassingAsserts":1,"retryReasons":[],"startAt":1775360483841,"status":"passed","title":"64 GET /admin/earnings/payouts -> list pending"},{"ancestorTitles":["Full backend E2E test suite (HTTP + Socket)","SECTION 9 — DRIVER EARNINGS TESTS"],"duration":6,"failing":false,"failureDetails":[],"failureMessages":[],"fullName":"Full backend E2E test suite (HTTP + Socket) SECTION 9 — DRIVER EARNINGS TESTS 65 PATCH /admin/earnings/:earningsId/mark-paid -> paid","invocations":1,"location":null,"numPassingAsserts":1,"retryReasons":[],"startAt":1775360483848,"status":"passed","title":"65 PATCH /admin/earnings/:earningsId/mark-paid -> paid"},{"ancestorTitles":["Full backend E2E test suite (HTTP + Socket)","SECTION 9 — DRIVER EARNINGS TESTS"],"duration":5,"failing":false,"failureDetails":[],"failureMessages":[],"fullName":"Full backend E2E test suite (HTTP + Socket) SECTION 9 — DRIVER EARNINGS TESTS 66 Commission calculation example -> check math","invocations":1,"location":null,"numPassingAsserts":1,"retryReasons":[],"startAt":1775360483855,"status":"passed","title":"66 Commission calculation example -> check math"},{"ancestorTitles":["Full backend E2E test suite (HTTP + Socket)","SECTION 9 — DRIVER EARNINGS TESTS"],"duration":76,"failing":false,"failureDetails":[{"matcherResult":{"actual":500,"expected":200,"message":"\u001b[2mexpect(\u001b[22m\u001b[31mreceived\u001b[39m\u001b[2m).\u001b[22mtoBe\u001b[2m(\u001b[22m\u001b[32mexpected\u001b[39m\u001b[2m) // Object.is equality\u001b[22m\n\nExpected: \u001b[32m200\u001b[39m\nReceived: \u001b[31m500\u001b[39m","name":"toBe","pass":false}}],"failureMessages":["Error: \u001b[2mexpect(\u001b[22m\u001b[31mreceived\u001b[39m\u001b[2m).\u001b[22mtoBe\u001b[2m(\u001b[22m\u001b[32mexpected\u001b[39m\u001b[2m) // Object.is equality\u001b[22m\n\nExpected: \u001b[32m200\u001b[39m\nReceived: \u001b[31m500\u001b[39m\n    at Object.toBe (D:\\College Studies\\FSD Lab\\neha\\FSD-Project\\tests\\e2e.test.js:686:26)\n    at processTicksAndRejections (node:internal/process/task_queues:105:5)"],"fullName":"Full backend E2E test suite (HTTP + Socket) SECTION 9 — DRIVER EARNINGS TESTS 67 Driver with no completed trips -> zeros not 500","invocations":1,"location":null,"numPassingAsserts":0,"retryReasons":[],"startAt":1775360483860,"status":"failed","title":"67 Driver with no completed trips -> zeros not 500"},{"ancestorTitles":["Full backend E2E test suite (HTTP + Socket)","SECTION 10 — PRICING AND HEATMAP TESTS"],"duration":6,"failing":false,"failureDetails":[{"matcherResult":{"message":"\u001b[2mexpect(\u001b[22m\u001b[31mreceived\u001b[39m\u001b[2m).\u001b[22mtoHaveProperty\u001b[2m(\u001b[22m\u001b[32mpath\u001b[39m\u001b[2m)\u001b[22m\n\nExpected path: \u001b[32m\"surgeMultiplier\"\u001b[39m\nReceived path: \u001b[31m[]\u001b[39m\n\nReceived value: \u001b[31m{\"data\": {\"surgeMultiplier\": 1}, \"success\": true}\u001b[39m","pass":false}}],"failureMessages":["Error: \u001b[2mexpect(\u001b[22m\u001b[31mreceived\u001b[39m\u001b[2m).\u001b[22mtoHaveProperty\u001b[2m(\u001b[22m\u001b[32mpath\u001b[39m\u001b[2m)\u001b[22m\n\nExpected path: \u001b[32m\"surgeMultiplier\"\u001b[39m\nReceived path: \u001b[31m[]\u001b[39m\n\nReceived value: \u001b[31m{\"data\": {\"surgeMultiplier\": 1}, \"success\": true}\u001b[39m\n    at Object.toHaveProperty (D:\\College Studies\\FSD Lab\\neha\\FSD-Project\\tests\\e2e.test.js:698:24)\n    at processTicksAndRejections (node:internal/process/task_queues:105:5)"],"fullName":"Full backend E2E test suite (HTTP + Socket) SECTION 10 — PRICING AND HEATMAP TESTS 68 GET /pricing/surge -> multiplier","invocations":1,"location":null,"numPassingAsserts":1,"retryReasons":[],"startAt":1775360483937,"status":"failed","title":"68 GET /pricing/surge -> multiplier"},{"ancestorTitles":["Full backend E2E test suite (HTTP + Socket)","SECTION 10 — PRICING AND HEATMAP TESTS"],"duration":6,"failing":false,"failureDetails":[{"matcherResult":{"message":"\u001b[2mexpect(\u001b[22m\u001b[31mreceived\u001b[39m\u001b[2m).\u001b[22mtoBeTruthy\u001b[2m()\u001b[22m\n\nReceived: \u001b[31mfalse\u001b[39m","pass":false}}],"failureMessages":["Error: \u001b[2mexpect(\u001b[22m\u001b[31mreceived\u001b[39m\u001b[2m).\u001b[22mtoBeTruthy\u001b[2m()\u001b[22m\n\nReceived: \u001b[31mfalse\u001b[39m\n    at Object.toBeTruthy (D:\\College Studies\\FSD Lab\\neha\\FSD-Project\\tests\\e2e.test.js:704:39)\n    at processTicksAndRejections (node:internal/process/task_queues:105:5)"],"fullName":"Full backend E2E test suite (HTTP + Socket) SECTION 10 — PRICING AND HEATMAP TESTS 69 GET /analytics/heatmap admin -> DemandZone array","invocations":1,"location":null,"numPassingAsserts":1,"retryReasons":[],"startAt":1775360483944,"status":"failed","title":"69 GET /analytics/heatmap admin -> DemandZone array"},{"ancestorTitles":["Full backend E2E test suite (HTTP + Socket)","SECTION 10 — PRICING AND HEATMAP TESTS"],"duration":6,"failing":false,"failureDetails":[],"failureMessages":[],"fullName":"Full backend E2E test suite (HTTP + Socket) SECTION 10 — PRICING AND HEATMAP TESTS 70 GET /analytics/history -> historical records","invocations":1,"location":null,"numPassingAsserts":1,"retryReasons":[],"startAt":1775360483951,"status":"passed","title":"70 GET /analytics/history -> historical records"},{"ancestorTitles":["Full backend E2E test suite (HTTP + Socket)","SECTION 10 — PRICING AND HEATMAP TESTS"],"duration":6,"failing":false,"failureDetails":[{"matcherResult":{"message":"\u001b[2mexpect(\u001b[22m\u001b[31mreceived\u001b[39m\u001b[2m).\u001b[22mtoBeTruthy\u001b[2m()\u001b[22m\n\nReceived: \u001b[31mfalse\u001b[39m","pass":false}}],"failureMessages":["Error: \u001b[2mexpect(\u001b[22m\u001b[31mreceived\u001b[39m\u001b[2m).\u001b[22mtoBeTruthy\u001b[2m()\u001b[22m\n\nReceived: \u001b[31mfalse\u001b[39m\n    at Object.toBeTruthy (D:\\College Studies\\FSD Lab\\neha\\FSD-Project\\tests\\e2e.test.js:716:39)\n    at processTicksAndRejections (node:internal/process/task_queues:105:5)"],"fullName":"Full backend E2E test suite (HTTP + Socket) SECTION 10 — PRICING AND HEATMAP TESTS 71 GET /analytics/export admin -> JSON array for ML","invocations":1,"location":null,"numPassingAsserts":1,"retryReasons":[],"startAt":1775360483958,"status":"failed","title":"71 GET /analytics/export admin -> JSON array for ML"},{"ancestorTitles":["Full backend E2E test suite (HTTP + Socket)","SECTION 10 — PRICING AND HEATMAP TESTS"],"duration":6,"failing":false,"failureDetails":[{}],"failureMessages":["Error: \u001b[2mexpect(\u001b[22m\u001b[31mreceived\u001b[39m\u001b[2m).\u001b[22mtoBeLessThanOrEqual\u001b[2m(\u001b[22m\u001b[32mexpected\u001b[39m\u001b[2m)\u001b[22m\n\n\u001b[1mMatcher error\u001b[22m: \u001b[31mreceived\u001b[39m value must be a number or bigint\n\nReceived has value: \u001b[31mundefined\u001b[39m\n    at Object.toBeLessThanOrEqual (D:\\College Studies\\FSD Lab\\neha\\FSD-Project\\tests\\e2e.test.js:722:40)\n    at processTicksAndRejections (node:internal/process/task_queues:105:5)"],"fullName":"Full backend E2E test suite (HTTP + Socket) SECTION 10 — PRICING AND HEATMAP TESTS 72 Surge cap near 2.5 when supply=0 -> high value","invocations":1,"location":null,"numPassingAsserts":1,"retryReasons":[],"startAt":1775360483965,"status":"failed","title":"72 Surge cap near 2.5 when supply=0 -> high value"},{"ancestorTitles":["Full backend E2E test suite (HTTP + Socket)","SECTION 10 — PRICING AND HEATMAP TESTS"],"duration":6,"failing":false,"failureDetails":[{}],"failureMessages":["Error: \u001b[2mexpect(\u001b[22m\u001b[31mreceived\u001b[39m\u001b[2m).\u001b[22mtoBeGreaterThanOrEqual\u001b[2m(\u001b[22m\u001b[32mexpected\u001b[39m\u001b[2m)\u001b[22m\n\n\u001b[1mMatcher error\u001b[22m: \u001b[31mreceived\u001b[39m value must be a number or bigint\n\nReceived has value: \u001b[31mundefined\u001b[39m\n    at Object.toBeGreaterThanOrEqual (D:\\College Studies\\FSD Lab\\neha\\FSD-Project\\tests\\e2e.test.js:728:40)\n    at processTicksAndRejections (node:internal/process/task_queues:105:5)"],"fullName":"Full backend E2E test suite (HTTP + Socket) SECTION 10 — PRICING AND HEATMAP TESTS 73 High driver supply -> surgeMultiplier 1.0","invocations":1,"location":null,"numPassingAsserts":1,"retryReasons":[],"startAt":1775360483972,"status":"failed","title":"73 High driver supply -> surgeMultiplier 1.0"},{"ancestorTitles":["Full backend E2E test suite (HTTP + Socket)","SECTION 11 — ADMIN PANEL TESTS"],"duration":10,"failing":false,"failureDetails":[{"matcherResult":{"message":"\u001b[2mexpect(\u001b[22m\u001b[31mreceived\u001b[39m\u001b[2m).\u001b[22mtoHaveProperty\u001b[2m(\u001b[22m\u001b[32mpath\u001b[39m\u001b[2m)\u001b[22m\n\nExpected path: \u001b[32m\"totalUsers\"\u001b[39m\nReceived path: \u001b[31m[]\u001b[39m\n\nReceived value: \u001b[31m{\"data\": {\"activeDriversNow\": 0, \"ongoingRides\": 1, \"todayRevenue\": 100, \"totalDrivers\": 4, \"totalRevenue\": 100, \"totalUsers\": 11}, \"success\": true}\u001b[39m","pass":false}}],"failureMessages":["Error: \u001b[2mexpect(\u001b[22m\u001b[31mreceived\u001b[39m\u001b[2m).\u001b[22mtoHaveProperty\u001b[2m(\u001b[22m\u001b[32mpath\u001b[39m\u001b[2m)\u001b[22m\n\nExpected path: \u001b[32m\"totalUsers\"\u001b[39m\nReceived path: \u001b[31m[]\u001b[39m\n\nReceived value: \u001b[31m{\"data\": {\"activeDriversNow\": 0, \"ongoingRides\": 1, \"todayRevenue\": 100, \"totalDrivers\": 4, \"totalRevenue\": 100, \"totalUsers\": 11}, \"success\": true}\u001b[39m\n    at Object.toHaveProperty (D:\\College Studies\\FSD Lab\\neha\\FSD-Project\\tests\\e2e.test.js:739:24)\n    at processTicksAndRejections (node:internal/process/task_queues:105:5)"],"fullName":"Full backend E2E test suite (HTTP + Socket) SECTION 11 — ADMIN PANEL TESTS 74 GET /admin/dashboard -> metrics present","invocations":1,"location":null,"numPassingAsserts":1,"retryReasons":[],"startAt":1775360483978,"status":"failed","title":"74 GET /admin/dashboard -> metrics present"},{"ancestorTitles":["Full backend E2E test suite (HTTP + Socket)","SECTION 11 — ADMIN PANEL TESTS"],"duration":8,"failing":false,"failureDetails":[{"matcherResult":{"message":"\u001b[2mexpect(\u001b[22m\u001b[31mreceived\u001b[39m\u001b[2m).\u001b[22mtoHaveProperty\u001b[2m(\u001b[22m\u001b[32mpath\u001b[39m\u001b[2m)\u001b[22m\n\nExpected path: \u001b[32m\"totalCount\"\u001b[39m\nReceived path: \u001b[31m[]\u001b[39m\n\nReceived value: \u001b[31m{\"data\": {\"items\": [{\"__v\": 0, \"_id\": \"69d1d9e3dd9352a09a30bcf8\", \"createdAt\": \"2026-04-05T03:41:23.924Z\", \"email\": \"notrips@example.com\", \"name\": \"NoTrips\", \"phone\": \"1231231234\", \"role\": \"driver\", \"status\": \"active\", \"updatedAt\": \"2026-04-05T03:41:23.924Z\"}, {\"__v\": 0, \"_id\": \"69d1d910dd9352a09a30bc76\", \"createdAt\": \"2026-04-05T03:37:52.107Z\", \"email\": \"unv@example.com\", \"name\": \"Unverified\", \"phone\": \"7778889999\", \"role\": \"driver\", \"status\": \"active\", \"updatedAt\": \"2026-04-05T03:37:52.107Z\"}, {\"__v\": 0, \"_id\": \"69d1d90fdd9352a09a30bc3c\", \"createdAt\": \"2026-04-05T03:37:51.366Z\", \"email\": \"d_happy@example.com\", \"name\": \"D Happy\", \"phone\": \"4445556666\", \"role\": \"driver\", \"status\": \"active\", \"updatedAt\": \"2026-04-05T03:37:51.366Z\"}, {\"__v\": 0, \"_id\": \"69d1d90fdd9352a09a30bc25\", \"createdAt\": \"2026-04-05T03:37:51.068Z\", \"email\": \"driver@example.com\", \"name\": \"Test Driver\", \"phone\": \"2223334444\", \"role\": \"driver\", \"status\": \"active\", \"updatedAt\": \"2026-04-05T03:37:51.068Z\"}], \"limit\": 10, \"page\": 1, \"totalCount\": 4}, \"success\": true}\u001b[39m","pass":false}}],"failureMessages":["Error: \u001b[2mexpect(\u001b[22m\u001b[31mreceived\u001b[39m\u001b[2m).\u001b[22mtoHaveProperty\u001b[2m(\u001b[22m\u001b[32mpath\u001b[39m\u001b[2m)\u001b[22m\n\nExpected path: \u001b[32m\"totalCount\"\u001b[39m\nReceived path: \u001b[31m[]\u001b[39m\n\nReceived value: \u001b[31m{\"data\": {\"items\": [{\"__v\": 0, \"_id\": \"69d1d9e3dd9352a09a30bcf8\", \"createdAt\": \"2026-04-05T03:41:23.924Z\", \"email\": \"notrips@example.com\", \"name\": \"NoTrips\", \"phone\": \"1231231234\", \"role\": \"driver\", \"status\": \"active\", \"updatedAt\": \"2026-04-05T03:41:23.924Z\"}, {\"__v\": 0, \"_id\": \"69d1d910dd9352a09a30bc76\", \"createdAt\": \"2026-04-05T03:37:52.107Z\", \"email\": \"unv@example.com\", \"name\": \"Unverified\", \"phone\": \"7778889999\", \"role\": \"driver\", \"status\": \"active\", \"updatedAt\": \"2026-04-05T03:37:52.107Z\"}, {\"__v\": 0, \"_id\": \"69d1d90fdd9352a09a30bc3c\", \"createdAt\": \"2026-04-05T03:37:51.366Z\", \"email\": \"d_happy@example.com\", \"name\": \"D Happy\", \"phone\": \"4445556666\", \"role\": \"driver\", \"status\": \"active\", \"updatedAt\": \"2026-04-05T03:37:51.366Z\"}, {\"__v\": 0, \"_id\": \"69d1d90fdd9352a09a30bc25\", \"createdAt\": \"2026-04-05T03:37:51.068Z\", \"email\": \"driver@example.com\", \"name\": \"Test Driver\", \"phone\": \"2223334444\", \"role\": \"driver\", \"status\": \"active\", \"updatedAt\": \"2026-04-05T03:37:51.068Z\"}], \"limit\": 10, \"page\": 1, \"totalCount\": 4}, \"success\": true}\u001b[39m\n    at Object.toHaveProperty (D:\\College Studies\\FSD Lab\\neha\\FSD-Project\\tests\\e2e.test.js:745:24)\n    at processTicksAndRejections (node:internal/process/task_queues:105:5)"],"fullName":"Full backend E2E test suite (HTTP + Socket) SECTION 11 — ADMIN PANEL TESTS 75 GET /admin/users?role=driver&page=1&limit=10 -> paginated drivers","invocations":1,"location":null,"numPassingAsserts":1,"retryReasons":[],"startAt":1775360483989,"status":"failed","title":"75 GET /admin/users?role=driver&page=1&limit=10 -> paginated drivers"},{"ancestorTitles":["Full backend E2E test suite (HTTP + Socket)","SECTION 11 — ADMIN PANEL TESTS"],"duration":69,"failing":false,"failureDetails":[],"failureMessages":[],"fullName":"Full backend E2E test suite (HTTP + Socket) SECTION 11 — ADMIN PANEL TESTS 76 PATCH /admin/users/:userId/block -> blocked","invocations":1,"location":null,"numPassingAsserts":2,"retryReasons":[],"startAt":1775360483998,"status":"passed","title":"76 PATCH /admin/users/:userId/block -> blocked"},{"ancestorTitles":["Full backend E2E test suite (HTTP + Socket)","SECTION 11 — ADMIN PANEL TESTS"],"duration":67,"failing":false,"failureDetails":[],"failureMessages":[],"fullName":"Full backend E2E test suite (HTTP + Socket) SECTION 11 — ADMIN PANEL TESTS 77 After blocking, user login -> 403","invocations":1,"location":null,"numPassingAsserts":1,"retryReasons":[],"startAt":1775360484068,"status":"passed","title":"77 After blocking, user login -> 403"},{"ancestorTitles":["Full backend E2E test suite (HTTP + Socket)","SECTION 11 — ADMIN PANEL TESTS"],"duration":8,"failing":false,"failureDetails":[],"failureMessages":[],"fullName":"Full backend E2E test suite (HTTP + Socket) SECTION 11 — ADMIN PANEL TESTS 78 PATCH /admin/users/:userId/unblock -> active","invocations":1,"location":null,"numPassingAsserts":2,"retryReasons":[],"startAt":1775360484135,"status":"passed","title":"78 PATCH /admin/users/:userId/unblock -> active"},{"ancestorTitles":["Full backend E2E test suite (HTTP + Socket)","SECTION 11 — ADMIN PANEL TESTS"],"duration":14,"failing":false,"failureDetails":[{"matcherResult":{"message":"\u001b[2mexpect(\u001b[22m\u001b[31mreceived\u001b[39m\u001b[2m).\u001b[22mtoBeTruthy\u001b[2m()\u001b[22m\n\nReceived: \u001b[31mfalse\u001b[39m","pass":false}}],"failureMessages":["Error: \u001b[2mexpect(\u001b[22m\u001b[31mreceived\u001b[39m\u001b[2m).\u001b[22mtoBeTruthy\u001b[2m()\u001b[22m\n\nReceived: \u001b[31mfalse\u001b[39m\n    at Object.toBeTruthy (D:\\College Studies\\FSD Lab\\neha\\FSD-Project\\tests\\e2e.test.js:772:57)\n    at processTicksAndRejections (node:int
[...]
al\u001b[2m(\u001b[22m\u001b[32mexpected\u001b[39m\u001b[2m)\u001b[22m\n\n    \u001b[1mMatcher error\u001b[22m: \u001b[31mreceived\u001b[39m value must be a number or bigint\n\n    Received has value: \u001b[31mundefined\u001b[39m\n\u001b[2m\u001b[22m\n\u001b[2m    \u001b[0m \u001b[90m 720 |\u001b[39m       \u001b[36mconst\u001b[39m res \u001b[33m=\u001b[39m \u001b[36mawait\u001b[39m agent\u001b[33m.\u001b[39m\u001b[36mget\u001b[39m(\u001b[32m'/pricing/surge?lat=0&lng=0'\u001b[39m)\u001b[33m;\u001b[39m\u001b[22m\n\u001b[2m     \u001b[90m 721 |\u001b[39m       expect(res\u001b[33m.\u001b[39mstatus)\u001b[33m.\u001b[39mtoBe(\u001b[35m200\u001b[39m)\u001b[33m;\u001b[39m\u001b[22m\n\u001b[2m    \u001b[31m\u001b[1m>\u001b[22m\u001b[2m\u001b[39m\u001b[90m 722 |\u001b[39m       expect(res\u001b[33m.\u001b[39mbody\u001b[33m.\u001b[39msurgeMultiplier)\u001b[33m.\u001b[39mtoBeLessThanOrEqual(\u001b[35m2.5\u001b[39m)\u001b[33m;\u001b[39m\u001b[22m\n\u001b[2m     \u001b[90m     |\u001b[39m                                        \u001b[31m\u001b[1m^\u001b[22m\u001b[2m\u001b[39m\u001b[22m\n\u001b[2m     \u001b[90m 723 |\u001b[39m     })\u001b[33m;\u001b[39m\u001b[22m\n\u001b[2m     \u001b[90m 724 |\u001b[39m\u001b[22m\n\u001b[2m     \u001b[90m 725 |\u001b[39m     test(\u001b[32m'73 High driver supply -> surgeMultiplier 1.0'\u001b[39m\u001b[33m,\u001b[39m \u001b[36masync\u001b[39m () \u001b[33m=>\u001b[39m {\u001b[0m\u001b[22m\n\u001b[2m\u001b[22m\n\u001b[2m      \u001b[2mat Object.toBeLessThanOrEqual (\u001b[22m\u001b[2m\u001b[0m\u001b[36mtests/e2e.test.js\u001b[39m\u001b[0m\u001b[2m:722:40)\u001b[22m\u001b[2m\u001b[22m\n\n\u001b[1m\u001b[31m  \u001b[1m● \u001b[22m\u001b[1mFull backend E2E test suite (HTTP + Socket) › SECTION 10 — PRICING AND HEATMAP TESTS › 73 High driver supply -> surgeMultiplier 1.0\u001b[39m\u001b[22m\n\n    \u001b[2mexpect(\u001b[22m\u001b[31mreceived\u001b[39m\u001b[2m).\u001b[22mtoBeGreaterThanOrEqual\u001b[2m(\u001b[22m\u001b[32mexpected\u001b[39m\u001b[2m)\u001b[22m\n\n    \u001b[1mMatcher error\u001b[22m: \u001b[31mreceived\u001b[39m value must be a number or bigint\n\n    Received has value: \u001b[31mundefined\u001b[39m\n\u001b[2m\u001b[22m\n\u001b[2m    \u001b[0m \u001b[90m 726 |\u001b[39m       \u001b[36mconst\u001b[39m res \u001b[33m=\u001b[39m \u001b[36mawait\u001b[39m agent\u001b[33m.\u001b[39m\u001b[36mget\u001b[39m(\u001b[32m'/pricing/surge?lat=12.97&lng=77.59&fakeHighSupply=true'\u001b[39m)\u001b[33m;\u001b[39m\u001b[22m\n\u001b[2m     \u001b[90m 727 |\u001b[39m       expect(res\u001b[33m.\u001b[39mstatus)\u001b[33m.\u001b[39mtoBe(\u001b[35m200\u001b[39m)\u001b[33m;\u001b[39m\u001b[22m\n\u001b[2m    \u001b[31m\u001b[1m>\u001b[22m\u001b[2m\u001b[39m\u001b[90m 728 |\u001b[39m       expect(res\u001b[33m.\u001b[39mbody\u001b[33m.\u001b[39msurgeMultiplier)\u001b[33m.\u001b[39mtoBeGreaterThanOrEqual(\u001b[35m1.0\u001b[39m)\u001b[33m;\u001b[39m\u001b[22m\n\u001b[2m     \u001b[90m     |\u001b[39m                                        \u001b[31m\u001b[1m^\u001b[22m\u001b[2m\u001b[39m\u001b[22m\n\u001b[2m     \u001b[90m 729 |\u001b[39m     })\u001b[33m;\u001b[39m\u001b[22m\n\u001b[2m     \u001b[90m 730 |\u001b[39m   })\u001b[33m;\u001b[39m\u001b[22m\n\u001b[2m     \u001b[90m 731 |\u001b[39m\u001b[0m\u001b[22m\n\u001b[2m\u001b[22m\n\u001b[2m      \u001b[2mat Object.toBeGreaterThanOrEqual (\u001b[22m\u001b[2m\u001b[0m\u001b[36mtests/e2e.test.js\u001b[39m\u001b[0m\u001b[2m:728:40)\u001b[22m\u001b[2m\u001b[22m\n\n\u001b[1m\u001b[31m  \u001b[1m● \u001b[22m\u001b[1mFull backend E2E test suite (HTTP + Socket) › SECTION 11 — ADMIN PANEL TESTS › 74 GET /admin/dashboard -> metrics present\u001b[39m\u001b[22m\n\n    \u001b[2mexpect(\u001b[22m\u001b[31mreceived\u001b[39m\u001b[2m).\u001b[22mtoHaveProperty\u001b[2m(\u001b[22m\u001b[32mpath\u001b[39m\u001b[2m)\u001b[22m\n\n    Expected path: \u001b[32m\"totalUsers\"\u001b[39m\n    Received path: \u001b[31m[]\u001b[39m\n\n    Received value: \u001b[31m{\"data\": {\"activeDriversNow\": 0, \"ongoingRides\": 1, \"todayRevenue\": 100, \"totalDrivers\": 4, \"totalRevenue\": 100, \"totalUsers\": 11}, \"success\": true}\u001b[39m\n\u001b[2m\u001b[22m\n\u001b[2m    \u001b[0m \u001b[90m 737 |\u001b[39m       \u001b[36mconst\u001b[39m res \u001b[33m=\u001b[39m \u001b[36mawait\u001b[39m agent\u001b[33m.\u001b[39m\u001b[36mget\u001b[39m(\u001b[32m'/admin/dashboard'\u001b[39m)\u001b[33m.\u001b[39m\u001b[36mset\u001b[39m(\u001b[32m'Authorization'\u001b[39m\u001b[33m,\u001b[39m \u001b[32m`Bearer ${fixtures.adminToken}`\u001b[39m)\u001b[33m;\u001b[39m\u001b[22m\n\u001b[2m     \u001b[90m 738 |\u001b[39m       expect(res\u001b[33m.\u001b[39mstatus)\u001b[33m.\u001b[39mtoBe(\u001b[35m200\u001b[39m)\u001b[33m;\u001b[39m\u001b[22m\n\u001b[2m    \u001b[31m\u001b[1m>\u001b[22m\u001b[2m\u001b[39m\u001b[90m 739 |\u001b[39m       expect(res\u001b[33m.\u001b[39mbody)\u001b[33m.\u001b[39mtoHaveProperty(\u001b[32m'totalUsers'\u001b[39m)\u001b[33m;\u001b[39m\u001b[22m\n\u001b[2m     \u001b[90m     |\u001b[39m                        \u001b[31m\u001b[1m^\u001b[22m\u001b[2m\u001b[39m\u001b[22m\n\u001b[2m     \u001b[90m 740 |\u001b[39m     })\u001b[33m;\u001b[39m\u001b[22m\n\u001b[2m     \u001b[90m 741 |\u001b[39m\u001b[22m\n\u001b[2m     \u001b[90m 742 |\u001b[39m     test(\u001b[32m'75 GET /admin/users?role=driver&page=1&limit=10 -> paginated drivers'\u001b[39m\u001b[33m,\u001b[39m \u001b[36masync\u001b[39m () \u001b[33m=>\u001b[39m {\u001b[0m\u001b[22m\n\u001b[2m\u001b[22m\n\u001b[2m      \u001b[2mat Object.toHaveProperty (\u001b[22m\u001b[2m\u001b[0m\u001b[36mtests/e2e.test.js\u001b[39m\u001b[0m\u001b[2m:739:24)\u001b[22m\u001b[2m\u001b[22m\n\n\u001b[1m\u001b[31m  \u001b[1m● \u001b[22m\u001b[1mFull backend E2E test suite (HTTP + Socket) › SECTION 11 — ADMIN PANEL TESTS › 75 GET /admin/users?role=driver&page=1&limit=10 -> paginated drivers\u001b[39m\u001b[22m\n\n    \u001b[2mexpect(\u001b[22m\u001b[31mreceived\u001b[39m\u001b[2m).\u001b[22mtoHaveProperty\u001b[2m(\u001b[22m\u001b[32mpath\u001b[39m\u001b[2m)\u001b[22m\n\n    Expected path: \u001b[32m\"totalCount\"\u001b[39m\n    Received path: \u001b[31m[]\u001b[39m\n\n    Received value: \u001b[31m{\"data\": {\"items\": [{\"__v\": 0, \"_id\": \"69d1d9e3dd9352a09a30bcf8\", \"createdAt\": \"2026-04-05T03:41:23.924Z\", \"email\": \"notrips@example.com\", \"name\": \"NoTrips\", \"phone\": \"1231231234\", \"role\": \"driver\", \"status\": \"active\", \"updatedAt\": \"2026-04-05T03:41:23.924Z\"}, {\"__v\": 0, \"_id\": \"69d1d910dd9352a09a30bc76\", \"createdAt\": \"2026-04-05T03:37:52.107Z\", \"email\": \"unv@example.com\", \"name\": \"Unverified\", \"phone\": \"7778889999\", \"role\": \"driver\", \"status\": \"active\", \"updatedAt\": \"2026-04-05T03:37:52.107Z\"}, {\"__v\": 0, \"_id\": \"69d1d90fdd9352a09a30bc3c\", \"createdAt\": \"2026-04-05T03:37:51.366Z\", \"email\": \"d_happy@example.com\", \"name\": \"D Happy\", \"phone\": \"4445556666\", \"role\": \"driver\", \"status\": \"active\", \"updatedAt\": \"2026-04-05T03:37:51.366Z\"}, {\"__v\": 0, \"_id\": \"69d1d90fdd9352a09a30bc25\", \"createdAt\": \"2026-04-05T03:37:51.068Z\", \"email\": \"driver@example.com\", \"name\": \"Test Driver\", \"phone\": \"2223334444\", \"role\": \"driver\", \"status\": \"active\", \"updatedAt\": \"2026-04-05T03:37:51.068Z\"}], \"limit\": 10, \"page\": 1, \"totalCount\": 4}, \"success\": true}\u001b[39m\n\u001b[2m\u001b[22m\n\u001b[2m    \u001b[0m \u001b[90m 743 |\u001b[39m       \u001b[36mconst\u001b[39m res \u001b[33m=\u001b[39m \u001b[36mawait\u001b[39m agent\u001b[33m.\u001b[39m\u001b[36mget\u001b[39m(\u001b[32m'/admin/users?role=driver&page=1&limit=10'\u001b[39m)\u001b[33m.\u001b[39m\u001b[36mset\u001b[39m(\u001b[32m'Authorization'\u001b[39m\u001b[33m,\u001b[39m \u001b[32m`Bearer ${fixtures.adminToken}`\u001b[39m)\u001b[33m;\u001b[39m\u001b[22m\n\u001b[2m     \u001b[90m 744 |\u001b[39m       expect(res\u001b[33m.\u001b[39mstatus)\u001b[33m.\u001b[39mtoBe(\u001b[35m200\u001b[39m)\u001b[33m;\u001b[39m\u001b[22m\n\u001b[2m    \u001b[31m\u001b[1m>\u001b[22m\u001b[2m\u001b[39m\u001b[90m 745 |\u001b[39m       expect(res\u001b[33m.\u001b[39mbody)\u001b[33m.\u001b[39mtoHaveProperty(\u001b[32m'totalCount'\u001b[39m)\u001b[33m;\u001b[39m\u001b[22m\n\u001b[2m     \u001b[90m     |\u001b[39m                        \u001b[31m\u001b[1m^\u001b[22m\u001b[2m\u001b[39m\u001b[22m\n\u001b[2m     \u001b[90m 746 |\u001b[39m     })\u001b[33m;\u001b[39m\u001b[22m\n\u001b[2m     \u001b[90m 747 |\u001b[39m\u001b[22m\n\u001b[2m     \u001b[90m 748 |\u001b[39m     test(\u001b[32m'76 PATCH /admin/users/:userId/block -> blocked'\u001b[39m\u001b[33m,\u001b[39m \u001b[36masync\u001b[39m () \u001b[33m=>\u001b[39m {\u001b[0m\u001b[22m\n\u001b[2m\u001b[22m\n\u001b[2m      \u001b[2mat Object.toHaveProperty (\u001b[22m\u001b[2m\u001b[0m\u001b[36mtests/e2e.test.js\u001b[39m\u001b[0m\u001b[2m:745:24)\u001b[22m\u001b[2m\u001b[22m\n\n\u001b[1m\u001b[31m  \u001b[1m● \u001b[22m\u001b[1mFull backend E2E test suite (HTTP + Socket) › SECTION 11 — ADMIN PANEL TESTS › 79 GET /admin/rides?status=trip_completed&page=1 -> paginated\u001b[39m\u001b[22m\n\n    \u001b[2mexpect(\u001b[22m\u001b[31mreceived\u001b[39m\u001b[2m).\u001b[22mtoBeTruthy\u001b[2m()\u001b[22m\n\n    Received: \u001b[31mfalse\u001b[39m\n\u001b[2m\u001b[22m\n\u001b[2m    \u001b[0m \u001b[90m 770 |\u001b[39m       \u001b[36mconst\u001b[39m res \u001b[33m=\u001b[39m \u001b[36mawait\u001b[39m agent\u001b[33m.\u001b[39m\u001b[36mget\u001b[39m(\u001b[32m'/admin/rides?status=trip_completed&page=1'\u001b[39m)\u001b[33m.\u001b[39m\u001b[36mset\u001b[39m(\u001b[32m'Authorization'\u001b[39m\u001b[33m,\u001b[39m \u001b[32m`Bearer ${fixtures.adminToken}`\u001b[39m)\u001b[33m;\u001b[39m\u001b[22m\n\u001b[2m     \u001b[90m 771 |\u001b[39m       expect(res\u001b[33m.\u001b[39mstatus)\u001b[33m.\u001b[39mtoBe(\u001b[35m200\u001b[39m)\u001b[33m;\u001b[39m\u001b[22m\n\u001b[2m    \u001b[31m\u001b[1m>\u001b[22m\u001b[2m\u001b[39m\u001b[90m 772 |\u001b[39m       expect(\u001b[33mArray\u001b[39m\u001b[33m.\u001b[39misArray(res\u001b[33m.\u001b[39mbody\u001b[33m.\u001b[39mrides \u001b[33m||\u001b[39m res\u001b[33m.\u001b[39mbody))\u001b[33m.\u001b[39mtoBeTruthy()\u001b[33m;\u001b[39m\u001b[22m\n\u001b[2m     \u001b[90m     |\u001b[39m                                                         \u001b[31m\u001b[1m^\u001b[22m\u001b[2m\u001b[39m\u001b[22m\n\u001b[2m     \u001b[90m 773 |\u001b[39m     })\u001b[33m;\u001b[39m\u001b[22m\n\u001b[2m     \u001b[90m 774 |\u001b[39m\u001b[22m\n\u001b[2m     \u001b[90m 775 |\u001b[39m     test(\u001b[32m'80 GET /admin/rides/:rideId -> full ride detail'\u001b[39m\u001b[33m,\u001b[39m \u001b[36masync\u001b[39m () \u001b[33m=>\u001b[39m {\u001b[0m\u001b[22m\n\u001b[2m\u001b[22m\n\u001b[2m      \u001b[2mat Object.toBeTruthy (\u001b[22m\u001b[2m\u001b[0m\u001b[36mtests/e2e.test.js\u001b[39m\u001b[0m\u001b[2m:772:57)\u001b[22m\u001b[2m\u001b[22m\n\n\u001b[1m\u001b[31m  \u001b[1m● \u001b[22m\u001b[1mFull backend E2E test suite (HTTP + Socket) › SECTION 11 — ADMIN PANEL TESTS › 80 GET /admin/rides/:rideId -> full ride detail\u001b[39m\u001b[22m\n\n    \u001b[2mexpect(\u001b[22m\u001b[31mreceived\u001b[39m\u001b[2m).\u001b[22mtoHaveProperty\u001b[2m(\u001b[22m\u001b[32mpath\u001b[39m\u001b[2m)\u001b[22m\n\n    Expected path: \u001b[32m\"passenger\"\u001b[39m\n    Received path: \u001b[31m[]\u001b[39m\n\n    Received value: \u001b[31m{\"data\": {\"fare\": {\"estimatedFare\": 80, \"finalFare\": 100, \"surgeMultiplier\": 1}, \"locationLogCount\": 0, \"rating\": {\"__v\": 0, \"_id\": \"69d1d9e3dd9352a09a30bce5\", \"createdAt\": \"2026-04-05T03:41:23.736Z\", \"ratedId\": \"69d1d90edd9352a09a30bc15\", \"raterId\": \"69d1d90fdd9352a09a30bc25\", \"raterRole\": \"driver\", \"reviewText\": \"Good passenger\", \"rideId\": \"69d1d90fdd9352a09a30bc34\", \"score\": 5, \"updatedAt\": \"2026-04-05T03:41:23.736Z\"}, \"ride\": {\"__v\": 0, \"_id\": \"69d1d90fdd9352a09a30bc34\", \"cancelledAt\": null, \"cancelledBy\": null, \"createdAt\": \"2026-04-05T03:37:51.217Z\", \"driverId\": {\"_id\": \"69d1d90fdd9352a09a30bc25\", \"email\": \"driver@example.com\", \"name\": \"Test Driver\", \"phone\": \"2223334444\"}, \"drop\": {\"address\": \"456 End St\", \"location\": {\"coordinates\": [77.6, 12.98], \"type\": \"Point\"}}, \"estimatedFare\": 80, \"finalFare\": 100, \"offeredDriverId\": null, \"passengerId\": {\"_id\": \"69d1d90edd9352a09a30bc15\", \"email\": \"passenger@example.com\", \"name\": \"Test Passenger\", \"phone\": \"1112223333\"}, \"passengers\": [], \"pickup\": {\"address\": \"123 Start St\", \"location\": {\"coordinates\": [77.59, 12.97], \"type\": \"Point\"}}, \"rejectedDriverIds\": [], \"rideType\": \"solo\", \"seatsBooked\": 1, \"sharedRideGroupId\": null, \"status\": \"trip_completed\", \"statusHistory\": [{\"status\": \"requested\", \"timestamp\": \"2026-04-05T03:37:51.219Z\"}], \"surgeMultiplier\": 1, \"updatedAt\": \"2026-04-05T03:37:51.217Z\"}}, \"success\": true}\u001b[39m\n\u001b[2m\u001b[22m\n\u001b[2m    \u001b[0m \u001b[90m 777 |\u001b[39m       \u001b[36mconst\u001b[39m res \u001b[33m=\u001b[39m \u001b[36mawait\u001b[39m agent\u001b[33m.\u001b[39m\u001b[36mget\u001b[39m(\u001b[32m`/admin/rides/${id}`\u001b[39m)\u001b[33m.\u001b[39m\u001b[36mset\u001b[39m(\u001b[32m'Authorization'\u001b[39m\u001b[33m,\u001b[39m \u001b[32m`Bearer ${fixtures.adminToken}`\u001b[39m)\u001b[33m;\u001b[39m\u001b[22m\n\u001b[2m     \u001b[90m 778 |\u001b[39m       expect(res\u001b[33m.\u001b[39mstatus)\u001b[33m.\u001b[39mtoBe(\u001b[35m200\u001b[39m)\u001b[33m;\u001b[39m\u001b[22m\n\u001b[2m    \u001b[31m\u001b[1m>\u001b[22m\u001b[2m\u001b[39m\u001b[90m 779 |\u001b[39m       expect(res\u001b[33m.\u001b[39mbody)\u001b[33m.\u001b[39mtoHaveProperty(\u001b[32m'passenger'\u001b[39m)\u001b[33m;\u001b[39m\u001b[22m\n\u001b[2m     \u001b[90m     |\u001b[39m                        \u001b[31m\u001b[1m^\u001b[22m\u001b[2m\u001b[39m\u001b[22m\n\u001b[2m     \u001b[90m 780 |\u001b[39m       expect(res\u001b[33m.\u001b[39mbody)\u001b[33m.\u001b[39mtoHaveProperty(\u001b[32m'driver'\u001b[39m)\u001b[33m;\u001b[39m\u001b[22m\n\u001b[2m     \u001b[90m 781 |\u001b[39m     })\u001b[33m;\u001b[39m\u001b[22m\n\u001b[2m     \u001b[90m 782 |\u001b[39m\u001b[0m\u001b[22m\n\u001b[2m\u001b[22m\n\u001b[2m      \u001b[2mat Object.toHaveProperty (\u001b[22m\u001b[2m\u001b[0m\u001b[36mtests/e2e.test.js\u001b[39m\u001b[0m\u001b[2m:779:24)\u001b[22m\u001b[2m\u001b[22m\n\n\u001b[1m\u001b[31m  \u001b[1m● \u001b[22m\u001b[1mFull backend E2E test suite (HTTP + Socket) › SECTION 11 — ADMIN PANEL TESTS › 81 GET /admin/users search nonexistent -> empty array\u001b[39m\u001b[22m\n\n    \u001b[2mexpect(\u001b[22m\u001b[31mreceived\u001b[39m\u001b[2m).\u001b[22mtoBeTruthy\u001b[2m()\u001b[22m\n\n    Received: \u001b[31mfalse\u001b[39m\n\u001b[2m\u001b[22m\n\u001b[2m    \u001b[0m \u001b[90m 784 |\u001b[39m       \u001b[36mconst\u001b[39m res \u001b[33m=\u001b[39m \u001b[36mawait\u001b[39m agent\u001b[33m.\u001b[39m\u001b[36mget\u001b[39m(\u001b[32m'/admin/users?search=nonexistentname'\u001b[39m)\u001b[33m.\u001b[39m\u001b[36mset\u001b[39m(\u001b[32m'Authorization'\u001b[39m\u001b[33m,\u001b[39m \u001b[32m`Bearer ${fixtures.adminToken}`\u001b[39m)\u001b[33m;\u001b[39m\u001b[22m\n\u001b[2m     \u001b[90m 785 |\u001b[39m       expect(res\u001b[33m.\u001b[39mstatus)\u001b[33m.\u001b[39mtoBe(\u001b[35m200\u001b[39m)\u001b[33m;\u001b[39m\u001b[22m\n\u001b[2m    \u001b[31m\u001b[1m>\u001b[22m\u001b[2m\u001b[39m\u001b[90m 786 |\u001b[39m       expect(res\u001b[33m.\u001b[39mbody\u001b[33m.\u001b[39mtotalCount \u001b[33m===\u001b[39m \u001b[35m0\u001b[39m \u001b[33m||\u001b[39m (\u001b[33mArray\u001b[39m\u001b[33m.\u001b[39misArray(res\u001b[33m.\u001b[39mbody) \u001b[33m&&\u001b[39m res\u001b[33m.\u001b[39mbody\u001b[33m.\u001b[39mlength \u001b[33m===\u001b[39m \u001b[35m0\u001b[39m))\u001b[33m.\u001b[39mtoBeTruthy()\u001b[33m;\u001b[39m\u001b[22m\n\u001b[2m     \u001b[90m     |\u001b[39m                                                                                               \u001b[31m\u001b[1m^\u001b[22m\u001b[2m\u001b[39m\u001b[22m\n\u001b[2m     \u001b[90m 787 |\u001b[39m     })\u001b[33m;\u001b[39m\u001b[22m\n\u001b[2m     \u001b[90m 788 |\u001b[39m\u001b[22m\n\u001b[2m     \u001b[90m 789 |\u001b[39m     test(\u001b[32m'82 Admin tries to block another admin -> allowed or 403 (document expected behaviour)'\u001b[39m\u001b[33m,\u001b[39m \u001b[36masync\u001b[39m () \u001b[33m=>\u001b[39m {\u001b[0m\u001b[22m\n\u001b[2m\u001b[22m\n\u001b[2m      \u001b[2mat Object.toBeTruthy (\u001b[22m\u001b[2m\u001b[0m\u001b[36mtests/e2e.test.js\u001b[39m\u001b[0m\u001b[2m:786:95)\u001b[22m\u001b[2m\u001b[22m\n\n\u001b[1m\u001b[31m  \u001b[1m● \u001b[22m\u001b[1mFull backend E2E test suite (HTTP + Socket) › SECTION 11 — ADMIN PANEL TESTS › 82 Admin tries to block another admin -> allowed or 403 (document expected behaviour)\u001b[39m\u001b[22m\n\n    ValidationError: Admin validation failed: userId: Path `userId` is required.\n\u001b[2m\u001b[22m\n\u001b[2m      \u001b[2mat model.Document.invalidate (\u001b[22m\u001b[2mnode_modules/mongoose/lib/document.js\u001b[2m:3381:32)\u001b[22m\u001b[2m\u001b[22m\n\u001b[2m      \u001b[2mat \u001b[22m\u001b[2mnode_modules/mongoose/lib/document.js\u001b[2m:3142:17\u001b[22m\u001b[2m\u001b[22m\n\u001b[2m      \u001b[2mat \u001b[22m\u001b[2mnode_modules/mongoose/lib/schemaType.js\u001b[2m:1446:9\u001b[22m\u001b[2m\u001b[22m\n\n\u001b[1m\u001b[31m  \u001b[1m● \u001b[22m\u001b[1mFull backend E2E test suite (HTTP + Socket) › FINAL CHECKLIST › 92 High-frequency driver:location_update (10/s) -> server handles\u001b[39m\u001b[22m\n\n    thrown: \"Exceeded timeout of 30000 ms for a test.\n    Add a timeout value to this test to increase the timeout, if this is a long-running test. See https://jestjs.io/docs/api#testname-fn-timeout.\"\n\u001b[2m\u001b[22m\n\u001b[2m    \u001b[0m \u001b[90m 853 |\u001b[39m     })\u001b[33m;\u001b[39m\u001b[22m\n\u001b[2m     \u001b[90m 854 |\u001b[39m\u001b[22m\n\u001b[2m    \u001b[31m\u001b[1m>\u001b[22m\u001b[2m\u001b[39m\u001b[90m 855 |\u001b[39m     test(\u001b[32m'92 High-frequency driver:location_update (10/s) -> server handles'\u001b[39m\u001b[33m,\u001b[39m \u001b[36masync\u001b[39m () \u001b[33m=>\u001b[39m {\u001b[22m\n\u001b[2m     \u001b[90m     |\u001b[39m     \u001b[31m\u001b[1m^\u001b[22m\u001b[2m\u001b[39m\u001b[22m\n\u001b[2m     \u001b[90m 856 |\u001b[39m       \u001b[36mconst\u001b[39m socket \u001b[33m=\u001b[39m ioClient(baseUrl\u001b[33m,\u001b[39m { auth\u001b[33m:\u001b[39m { token\u001b[33m:\u001b[39m fixtures\u001b[33m.\u001b[39mdriverToken }\u001b[33m,\u001b[39m reconnection\u001b[33m:\u001b[39m \u001b[36mfalse\u001b[39m })\u001b[33m;\u001b[39m\u001b[22m\n\u001b[2m     \u001b[90m 857 |\u001b[39m       \u001b[36mawait\u001b[39m \u001b[36mnew\u001b[39m \u001b[33mPromise\u001b[39m((res) \u001b[33m=>\u001b[39m socket\u001b[33m.\u001b[39mon(\u001b[32m'connect'\u001b[39m\u001b[33m,\u001b[39m res))\u001b[33m;\u001b[39m\u001b[22m\n\u001b[2m     \u001b[90m 858 |\u001b[39m       \u001b[36mfor\u001b[39m (\u001b[36mlet\u001b[39m i \u001b[33m=\u001b[39m \u001b[35m0\u001b[39m\u001b[33m;\u001b[39m i \u001b[33m<\u001b[39m \u001b[35m10\u001b[39m\u001b[33m;\u001b[39m i\u001b[33m++\u001b[39m) {\u001b[0m\u001b[22m\n\u001b[2m\u001b[22m\n\u001b[2m      \u001b[2mat test (\u001b[22m\u001b[2m\u001b[0m\u001b[36mtests/e2e.test.js\u001b[39m\u001b[0m\u001b[2m:855:5)\u001b[22m\u001b[2m\u001b[22m\n\u001b[2m      \u001b[2mat describe (\u001b[22m\u001b[2m\u001b[0m\u001b[36mtests/e2e.test.js\u001b[39m\u001b[0m\u001b[2m:838:3)\u001b[22m\u001b[2m\u001b[22m\n\u001b[2m      \u001b[2mat describe (\u001b[22m\u001b[2m\u001b[0m\u001b[36mtests/e2e.test.js\u001b[39m\u001b[0m\u001b[2m:18:1)\u001b[22m\u001b[2m\u001b[22m\n","name":"D:\\College Studies\\FSD Lab\\neha\\FSD-Project\\tests\\e2e.test.js","startTime":1775360268060,"status":"failed","summary":""}],"wasInterrupted":false}
